#
# There is insufficient memory for the Java Runtime Environment to continue.
# Native memory allocation (mmap) failed to map 35651584 bytes. Error detail: G1 virtual space
# Possible reasons:
#   The system is out of physical RAM or swap space
#   This process is running with CompressedOops enabled, and the Java Heap may be blocking the growth of the native heap
# Possible solutions:
#   Reduce memory load on the system
#   Increase physical memory or swap space
#   Check if swap backing store is full
#   Decrease Java heap size (-Xmx/-Xms)
#   Decrease number of Java threads
#   Decrease Java thread stack sizes (-Xss)
#   Set larger code cache with -XX:ReservedCodeCacheSize=
#   JVM is running with Zero Based Compressed Oops mode in which the Java heap is
#     placed in the first 32GB address space. The Java Heap base address is the
#     maximum limit for the native heap growth. Please use -XX:HeapBaseMinAddress
#     to set the Java Heap base and to place the Java Heap above 32GB virtual address.
# This output file may be truncated or incomplete.
#
#  Out of Memory Error (os_windows.cpp:3925), pid=12724, tid=17312
#
# JRE version: OpenJDK Runtime Environment (21.0.8) (build 21.0.8+-14018985-b1038.68)
# Java VM: OpenJDK 64-Bit Server VM (21.0.8+-14018985-b1038.68, mixed mode, tiered, compressed oops, compressed class ptrs, g1 gc, windows-amd64)
# No core dump will be written. Minidumps are not enabled by default on client versions of Windows
#

---------------  S U M M A R Y ------------

Command Line: org.jetbrains.kotlin.cli.jvm.K2JVMCompiler @D:\Workspace\NutriCook\mobile\app\build\20251203_3195737738835042655.compiler.options

Host: AMD Ryzen 5 6600H with Radeon Graphics         , 12 cores, 15G,  Windows 11 , 64 bit Build 26100 (10.0.26100.7309)
Time: Wed Dec  3 11:03:25 2025 SE Asia Standard Time elapsed time: 12.481087 seconds (0d 0h 0m 12s)

---------------  T H R E A D  ---------------

Current thread (0x0000026b6348b830):  VMThread "VM Thread"          [id=17312, stack(0x000000c503900000,0x000000c503a00000) (1024K)]

Stack: [0x000000c503900000,0x000000c503a00000]
Native frames: (J=compiled Java code, j=interpreted, Vv=VM code, C=native code)
V  [jvm.dll+0x6d68d9]
V  [jvm.dll+0x866693]
V  [jvm.dll+0x868c4e]
V  [jvm.dll+0x869333]
V  [jvm.dll+0x280566]
V  [jvm.dll+0x6d3195]
V  [jvm.dll+0x6c69ea]
V  [jvm.dll+0x3586db]
V  [jvm.dll+0x360336]
V  [jvm.dll+0x3b23f6]
V  [jvm.dll+0x3b26c8]
V  [jvm.dll+0x32ae6c]
V  [jvm.dll+0x32d806]
V  [jvm.dll+0x3376dd]
V  [jvm.dll+0x36ee15]
V  [jvm.dll+0x86f0b8]
V  [jvm.dll+0x870434]
V  [jvm.dll+0x870970]
V  [jvm.dll+0x870c03]
V  [jvm.dll+0x80eac8]
V  [jvm.dll+0x6d512d]
C  [ucrtbase.dll+0x37b0]
C  [KERNEL32.DLL+0x2e8d7]
C  [ntdll.dll+0x8c53c]

VM_Operation (0x000000c5034ff5a0): G1PauseRemark, mode: safepoint, requested by thread 0x0000026b4946ce30


---------------  P R O C E S S  ---------------

Threads class SMR info:
_java_thread_list=0x0000026b636dcd50, length=13, elements={
0x0000026b46f60db0, 0x0000026b635062e0, 0x0000026b635093b0, 0x0000026b63509e10,
0x0000026b635338b0, 0x0000026b6353c380, 0x0000026b6353cde0, 0x0000026b63545850,
0x0000026b635475f0, 0x0000026b6354b590, 0x0000026b635f0430, 0x0000026b63709b20,
0x0000026b6370a1d0
}

Java Threads: ( => current thread )
  0x0000026b46f60db0 JavaThread "main"                              [_thread_blocked, id=21600, stack(0x000000c503200000,0x000000c503300000) (1024K)]
  0x0000026b635062e0 JavaThread "Common-Cleaner"             daemon [_thread_blocked, id=33484, stack(0x000000c503a00000,0x000000c503b00000) (1024K)]
  0x0000026b635093b0 JavaThread "Reference Handler"          daemon [_thread_blocked, id=17140, stack(0x000000c503b00000,0x000000c503c00000) (1024K)]
  0x0000026b63509e10 JavaThread "Finalizer"                  daemon [_thread_blocked, id=30464, stack(0x000000c503c00000,0x000000c503d00000) (1024K)]
  0x0000026b635338b0 JavaThread "Signal Dispatcher"          daemon [_thread_blocked, id=20544, stack(0x000000c503d00000,0x000000c503e00000) (1024K)]
  0x0000026b6353c380 JavaThread "Attach Listener"            daemon [_thread_blocked, id=4140, stack(0x000000c503e00000,0x000000c503f00000) (1024K)]
  0x0000026b6353cde0 JavaThread "Service Thread"             daemon [_thread_blocked, id=13048, stack(0x000000c503f00000,0x000000c504000000) (1024K)]
  0x0000026b63545850 JavaThread "Monitor Deflation Thread"   daemon [_thread_blocked, id=9836, stack(0x000000c504000000,0x000000c504100000) (1024K)]
  0x0000026b635475f0 JavaThread "C2 CompilerThread0"         daemon [_thread_blocked, id=18228, stack(0x000000c504100000,0x000000c504200000) (1024K)]
  0x0000026b6354b590 JavaThread "C1 CompilerThread0"         daemon [_thread_blocked, id=10628, stack(0x000000c504200000,0x000000c504300000) (1024K)]
  0x0000026b635f0430 JavaThread "Notification Thread"        daemon [_thread_blocked, id=31544, stack(0x000000c504300000,0x000000c504400000) (1024K)]
  0x0000026b63709b20 JavaThread "C2 CompilerThread1"         daemon [_thread_blocked, id=23188, stack(0x000000c504400000,0x000000c504500000) (1024K)]
  0x0000026b6370a1d0 JavaThread "C2 CompilerThread2"         daemon [_thread_blocked, id=6288, stack(0x000000c504500000,0x000000c504600000) (1024K)]
Total: 13

Other Threads:
=>0x0000026b6348b830 VMThread "VM Thread"                           [id=17312, stack(0x000000c503900000,0x000000c503a00000) (1024K)]
  0x0000026b630d6460 WatcherThread "VM Periodic Task Thread"        [id=12404, stack(0x000000c503800000,0x000000c503900000) (1024K)]
  0x0000026b4945cb40 WorkerThread "GC Thread#0"                     [id=31476, stack(0x000000c503300000,0x000000c503400000) (1024K)]
  0x0000026b685947f0 WorkerThread "GC Thread#1"                     [id=13256, stack(0x000000c504600000,0x000000c504700000) (1024K)]
  0x0000026b68598fa0 WorkerThread "GC Thread#2"                     [id=12356, stack(0x000000c504700000,0x000000c504800000) (1024K)]
  0x0000026b68599340 WorkerThread "GC Thread#3"                     [id=22968, stack(0x000000c504800000,0x000000c504900000) (1024K)]
  0x0000026b685a9af0 WorkerThread "GC Thread#4"                     [id=30104, stack(0x000000c504900000,0x000000c504a00000) (1024K)]
  0x0000026b685bfa70 WorkerThread "GC Thread#5"                     [id=19512, stack(0x000000c504a00000,0x000000c504b00000) (1024K)]
  0x0000026b685c1030 WorkerThread "GC Thread#6"                     [id=12264, stack(0x000000c504b00000,0x000000c504c00000) (1024K)]
  0x0000026b685c01b0 WorkerThread "GC Thread#7"                     [id=15316, stack(0x000000c504c00000,0x000000c504d00000) (1024K)]
  0x0000026b68c675f0 WorkerThread "GC Thread#8"                     [id=34556, stack(0x000000c504f00000,0x000000c505000000) (1024K)]
  0x0000026b68c67d30 WorkerThread "GC Thread#9"                     [id=23588, stack(0x000000c505000000,0x000000c505100000) (1024K)]
  0x0000026b4946ce30 ConcurrentGCThread "G1 Main Marker"            [id=30032, stack(0x000000c503400000,0x000000c503500000) (1024K)]
  0x0000026b4946e770 WorkerThread "G1 Conc#0"                       [id=17480, stack(0x000000c503500000,0x000000c503600000) (1024K)]
  0x0000026b685c0550 WorkerThread "G1 Conc#1"                       [id=9164, stack(0x000000c504d00000,0x000000c504e00000) (1024K)]
  0x0000026b685c08f0 WorkerThread "G1 Conc#2"                       [id=28972, stack(0x000000c504e00000,0x000000c504f00000) (1024K)]
  0x0000026b62fa5210 ConcurrentGCThread "G1 Refine#0"               [id=21192, stack(0x000000c503600000,0x000000c503700000) (1024K)]
  0x0000026b62fa5b20 ConcurrentGCThread "G1 Service"                [id=14996, stack(0x000000c503700000,0x000000c503800000) (1024K)]
Total: 18

Threads with active compile tasks:
C2 CompilerThread0  12509 12802       4       org.jetbrains.kotlin.fir.resolve.calls.stages.CreateFreshTypeVariableSubstitutorStage::check (594 bytes)
C2 CompilerThread1  12510 12430       4       org.jetbrains.kotlin.resolve.calls.inference.ConstraintSystemBuilderKt::addConstraintIfCompatible (153 bytes)
C2 CompilerThread2  12510 12731       4       org.jetbrains.kotlin.resolve.calls.inference.ConstraintSystemBuilderKt::addSubtypeConstraintIfCompatible (35 bytes)
Total: 3

VM state: at safepoint (normal execution)

VM Mutex/Monitor currently owned by a thread:  ([mutex/lock_event])
[0x00007ff8d47f85b8] Threads_lock - owner thread: 0x0000026b6348b830
[0x00007ff8d47f86b8] Heap_lock - owner thread: 0x0000026b4946ce30

Heap address: 0x000000070ce00000, size: 3890 MB, Compressed Oops mode: Zero based, Oop shift amount: 3

CDS archive(s) not mapped
Compressed class space mapped at: 0x0000000800000000-0x0000000840000000, reserved size: 1073741824
Narrow klass base: 0x0000000800000000, Narrow klass shift: 0, Narrow klass range: 0x40000000

GC Precious Log:
 CardTable entry size: 512
 Card Set container configuration: InlinePtr #cards 4 size 8 Array Of Cards #cards 16 size 48 Howl #buckets 8 coarsen threshold 3686 Howl Bitmap #cards 512 size 80 coarsen threshold 460 Card regions per heap region 1 cards per card region 4096
 CPUs: 12 total, 12 available
 Memory: 15557M
 Large Page Support: Disabled
 NUMA Support: Disabled
 Compressed Oops: Enabled (Zero based)
 Heap Region Size: 2M
 Heap Min Capacity: 8M
 Heap Initial Capacity: 244M
 Heap Max Capacity: 3890M
 Pre-touch: Disabled
 Parallel Workers: 10
 Concurrent Workers: 3
 Concurrent Refinement Workers: 10
 Periodic GC: Disabled

Heap:
 garbage-first heap   total 331776K, used 228805K [0x000000070ce00000, 0x0000000800000000)
  region size 2048K, 12 young (24576K), 6 survivors (12288K)
 Metaspace       used 69040K, committed 69248K, reserved 1114112K
  class space    used 7769K, committed 7872K, reserved 1048576K

Heap Regions: E=young(eden), S=young(survivor), O=old, HS=humongous(starts), HC=humongous(continues), CS=collection set, F=free, TAMS=top-at-mark-start, PB=parsable bottom
|   0|0x000000070ce00000, 0x000000070d000000, 0x000000070d000000|100%|HS|  |TAMS 0x000000070d000000| PB 0x000000070ce00000| Complete 
|   1|0x000000070d000000, 0x000000070d200000, 0x000000070d200000|100%|HC|  |TAMS 0x000000070d200000| PB 0x000000070d000000| Complete 
|   2|0x000000070d200000, 0x000000070d400000, 0x000000070d400000|100%| O|  |TAMS 0x000000070d400000| PB 0x000000070d400000| Untracked 
|   3|0x000000070d400000, 0x000000070d600000, 0x000000070d600000|100%| O|  |TAMS 0x000000070d600000| PB 0x000000070d600000| Untracked 
|   4|0x000000070d600000, 0x000000070d800000, 0x000000070d800000|100%| O|  |TAMS 0x000000070d800000| PB 0x000000070d800000| Untracked 
|   5|0x000000070d800000, 0x000000070da00000, 0x000000070da00000|100%| O|  |TAMS 0x000000070da00000| PB 0x000000070da00000| Untracked 
|   6|0x000000070da00000, 0x000000070dc00000, 0x000000070dc00000|100%| O|  |TAMS 0x000000070dc00000| PB 0x000000070dc00000| Untracked 
|   7|0x000000070dc00000, 0x000000070de00000, 0x000000070de00000|100%| O|  |TAMS 0x000000070de00000| PB 0x000000070de00000| Untracked 
|   8|0x000000070de00000, 0x000000070e000000, 0x000000070e000000|100%| O|  |TAMS 0x000000070e000000| PB 0x000000070e000000| Updating 
|   9|0x000000070e000000, 0x000000070e200000, 0x000000070e200000|100%| O|  |TAMS 0x000000070e200000| PB 0x000000070e200000| Untracked 
|  10|0x000000070e200000, 0x000000070e400000, 0x000000070e400000|100%| O|  |TAMS 0x000000070e400000| PB 0x000000070e400000| Untracked 
|  11|0x000000070e400000, 0x000000070e600000, 0x000000070e600000|100%| O|  |TAMS 0x000000070e600000| PB 0x000000070e600000| Updating 
|  12|0x000000070e600000, 0x000000070e800000, 0x000000070e800000|100%| O|  |TAMS 0x000000070e800000| PB 0x000000070e800000| Untracked 
|  13|0x000000070e800000, 0x000000070ea00000, 0x000000070ea00000|100%| O|  |TAMS 0x000000070ea00000| PB 0x000000070ea00000| Untracked 
|  14|0x000000070ea00000, 0x000000070ec00000, 0x000000070ec00000|100%| O|  |TAMS 0x000000070ec00000| PB 0x000000070ec00000| Untracked 
|  15|0x000000070ec00000, 0x000000070ee00000, 0x000000070ee00000|100%| O|  |TAMS 0x000000070ee00000| PB 0x000000070ee00000| Updating 
|  16|0x000000070ee00000, 0x000000070f000000, 0x000000070f000000|100%| O|  |TAMS 0x000000070f000000| PB 0x000000070f000000| Untracked 
|  17|0x000000070f000000, 0x000000070f200000, 0x000000070f200000|100%| O|  |TAMS 0x000000070f200000| PB 0x000000070f200000| Untracked 
|  18|0x000000070f200000, 0x000000070f400000, 0x000000070f400000|100%| O|  |TAMS 0x000000070f400000| PB 0x000000070f400000| Untracked 
|  19|0x000000070f400000, 0x000000070f600000, 0x000000070f600000|100%| O|  |TAMS 0x000000070f600000| PB 0x000000070f600000| Untracked 
|  20|0x000000070f600000, 0x000000070f800000, 0x000000070f800000|100%| O|  |TAMS 0x000000070f800000| PB 0x000000070f800000| Untracked 
|  21|0x000000070f800000, 0x000000070fa00000, 0x000000070fa00000|100%| O|  |TAMS 0x000000070fa00000| PB 0x000000070fa00000| Untracked 
|  22|0x000000070fa00000, 0x000000070fc00000, 0x000000070fc00000|100%| O|  |TAMS 0x000000070fc00000| PB 0x000000070fc00000| Untracked 
|  23|0x000000070fc00000, 0x000000070fe00000, 0x000000070fe00000|100%| O|  |TAMS 0x000000070fe00000| PB 0x000000070fe00000| Updating 
|  24|0x000000070fe00000, 0x0000000710000000, 0x0000000710000000|100%| O|  |TAMS 0x0000000710000000| PB 0x0000000710000000| Updating 
|  25|0x0000000710000000, 0x0000000710200000, 0x0000000710200000|100%| O|  |TAMS 0x0000000710200000| PB 0x0000000710200000| Untracked 
|  26|0x0000000710200000, 0x0000000710400000, 0x0000000710400000|100%| O|  |TAMS 0x0000000710400000| PB 0x0000000710400000| Untracked 
|  27|0x0000000710400000, 0x0000000710600000, 0x0000000710600000|100%| O|  |TAMS 0x0000000710600000| PB 0x0000000710600000| Untracked 
|  28|0x0000000710600000, 0x0000000710800000, 0x0000000710800000|100%| O|  |TAMS 0x0000000710800000| PB 0x0000000710800000| Untracked 
|  29|0x0000000710800000, 0x0000000710a00000, 0x0000000710a00000|100%| O|  |TAMS 0x0000000710a00000| PB 0x0000000710a00000| Untracked 
|  30|0x0000000710a00000, 0x0000000710c00000, 0x0000000710c00000|100%| O|  |TAMS 0x0000000710c00000| PB 0x0000000710c00000| Untracked 
|  31|0x0000000710c00000, 0x0000000710e00000, 0x0000000710e00000|100%| O|  |TAMS 0x0000000710e00000| PB 0x0000000710e00000| Untracked 
|  32|0x0000000710e00000, 0x0000000711000000, 0x0000000711000000|100%| O|  |TAMS 0x0000000711000000| PB 0x0000000711000000| Untracked 
|  33|0x0000000711000000, 0x0000000711200000, 0x0000000711200000|100%| O|  |TAMS 0x0000000711200000| PB 0x0000000711200000| Untracked 
|  34|0x0000000711200000, 0x0000000711400000, 0x0000000711400000|100%| O|  |TAMS 0x0000000711400000| PB 0x0000000711400000| Untracked 
|  35|0x0000000711400000, 0x0000000711600000, 0x0000000711600000|100%| O|  |TAMS 0x0000000711600000| PB 0x0000000711600000| Untracked 
|  36|0x0000000711600000, 0x0000000711800000, 0x0000000711800000|100%| O|  |TAMS 0x0000000711800000| PB 0x0000000711800000| Untracked 
|  37|0x0000000711800000, 0x0000000711a00000, 0x0000000711a00000|100%| O|  |TAMS 0x0000000711a00000| PB 0x0000000711a00000| Untracked 
|  38|0x0000000711a00000, 0x0000000711c00000, 0x0000000711c00000|100%| O|  |TAMS 0x0000000711c00000| PB 0x0000000711c00000| Untracked 
|  39|0x0000000711c00000, 0x0000000711e00000, 0x0000000711e00000|100%| O|  |TAMS 0x0000000711e00000| PB 0x0000000711e00000| Updating 
|  40|0x0000000711e00000, 0x0000000712000000, 0x0000000712000000|100%| O|  |TAMS 0x0000000712000000| PB 0x0000000712000000| Updating 
|  41|0x0000000712000000, 0x0000000712200000, 0x0000000712200000|100%| O|  |TAMS 0x0000000712200000| PB 0x0000000712200000| Updating 
|  42|0x0000000712200000, 0x0000000712400000, 0x0000000712400000|100%| O|  |TAMS 0x0000000712400000| PB 0x0000000712400000| Untracked 
|  43|0x0000000712400000, 0x0000000712600000, 0x0000000712600000|100%| O|  |TAMS 0x0000000712600000| PB 0x0000000712600000| Untracked 
|  44|0x0000000712600000, 0x0000000712800000, 0x0000000712800000|100%| O|  |TAMS 0x0000000712800000| PB 0x0000000712800000| Untracked 
|  45|0x0000000712800000, 0x0000000712a00000, 0x0000000712a00000|100%| O|  |TAMS 0x0000000712a00000| PB 0x0000000712a00000| Untracked 
|  46|0x0000000712a00000, 0x0000000712c00000, 0x0000000712c00000|100%| O|  |TAMS 0x0000000712c00000| PB 0x0000000712c00000| Untracked 
|  47|0x0000000712c00000, 0x0000000712e00000, 0x0000000712e00000|100%| O|  |TAMS 0x0000000712e00000| PB 0x0000000712e00000| Untracked 
|  48|0x0000000712e00000, 0x0000000713000000, 0x0000000713000000|100%| O|  |TAMS 0x0000000713000000| PB 0x0000000713000000| Untracked 
|  49|0x0000000713000000, 0x0000000713200000, 0x0000000713200000|100%| O|  |TAMS 0x0000000713200000| PB 0x0000000713200000| Untracked 
|  50|0x0000000713200000, 0x0000000713400000, 0x0000000713400000|100%| O|  |TAMS 0x0000000713400000| PB 0x0000000713400000| Updating 
|  51|0x0000000713400000, 0x0000000713600000, 0x0000000713600000|100%| O|  |TAMS 0x0000000713600000| PB 0x0000000713600000| Updating 
|  52|0x0000000713600000, 0x0000000713800000, 0x0000000713800000|100%| O|  |TAMS 0x0000000713800000| PB 0x0000000713800000| Untracked 
|  53|0x0000000713800000, 0x0000000713a00000, 0x0000000713a00000|100%| O|  |TAMS 0x0000000713a00000| PB 0x0000000713a00000| Untracked 
|  54|0x0000000713a00000, 0x0000000713c00000, 0x0000000713c00000|100%| O|  |TAMS 0x0000000713c00000| PB 0x0000000713c00000| Untracked 
|  55|0x0000000713c00000, 0x0000000713e00000, 0x0000000713e00000|100%| O|  |TAMS 0x0000000713e00000| PB 0x0000000713e00000| Untracked 
|  56|0x0000000713e00000, 0x0000000714000000, 0x0000000714000000|100%| O|  |TAMS 0x0000000714000000| PB 0x0000000714000000| Untracked 
|  57|0x0000000714000000, 0x0000000714200000, 0x0000000714200000|100%| O|  |TAMS 0x0000000714000000| PB 0x0000000714000000| Untracked 
|  58|0x0000000714200000, 0x0000000714400000, 0x0000000714400000|100%| O|  |TAMS 0x0000000714400000| PB 0x0000000714400000| Untracked 
|  59|0x0000000714400000, 0x0000000714600000, 0x0000000714600000|100%| O|  |TAMS 0x0000000714600000| PB 0x0000000714600000| Untracked 
|  60|0x0000000714600000, 0x0000000714800000, 0x0000000714800000|100%| O|  |TAMS 0x0000000714800000| PB 0x0000000714800000| Untracked 
|  61|0x0000000714800000, 0x0000000714a00000, 0x0000000714a00000|100%| O|  |TAMS 0x0000000714a00000| PB 0x0000000714a00000| Untracked 
|  62|0x0000000714a00000, 0x0000000714c00000, 0x0000000714c00000|100%| O|  |TAMS 0x0000000714c00000| PB 0x0000000714c00000| Updating 
|  63|0x0000000714c00000, 0x0000000714e00000, 0x0000000714e00000|100%| O|  |TAMS 0x0000000714c00000| PB 0x0000000714c00000| Untracked 
|  64|0x0000000714e00000, 0x0000000715000000, 0x0000000715000000|100%| O|  |TAMS 0x0000000715000000| PB 0x0000000715000000| Untracked 
|  65|0x0000000715000000, 0x0000000715200000, 0x0000000715200000|100%| O|  |TAMS 0x0000000715200000| PB 0x0000000715200000| Untracked 
|  66|0x0000000715200000, 0x0000000715400000, 0x0000000715400000|100%| O|  |TAMS 0x0000000715400000| PB 0x0000000715400000| Untracked 
|  67|0x0000000715400000, 0x0000000715600000, 0x0000000715600000|100%| O|  |TAMS 0x0000000715600000| PB 0x0000000715600000| Updating 
|  68|0x0000000715600000, 0x0000000715800000, 0x0000000715800000|100%| O|  |TAMS 0x0000000715800000| PB 0x0000000715800000| Updating 
|  69|0x0000000715800000, 0x0000000715a00000, 0x0000000715a00000|100%| O|  |TAMS 0x0000000715a00000| PB 0x0000000715a00000| Updating 
|  70|0x0000000715a00000, 0x0000000715c00000, 0x0000000715c00000|100%| O|  |TAMS 0x0000000715c00000| PB 0x0000000715c00000| Untracked 
|  71|0x0000000715c00000, 0x0000000715e00000, 0x0000000715e00000|100%| O|  |TAMS 0x0000000715e00000| PB 0x0000000715e00000| Untracked 
|  72|0x0000000715e00000, 0x0000000716000000, 0x0000000716000000|100%| O|  |TAMS 0x0000000716000000| PB 0x0000000716000000| Untracked 
|  73|0x0000000716000000, 0x0000000716200000, 0x0000000716200000|100%| O|  |TAMS 0x0000000716200000| PB 0x0000000716200000| Untracked 
|  74|0x0000000716200000, 0x0000000716400000, 0x0000000716400000|100%| O|  |TAMS 0x0000000716400000| PB 0x0000000716400000| Untracked 
|  75|0x0000000716400000, 0x0000000716600000, 0x0000000716600000|100%| O|  |TAMS 0x0000000716600000| PB 0x0000000716600000| Untracked 
|  76|0x0000000716600000, 0x0000000716800000, 0x0000000716800000|100%| O|  |TAMS 0x0000000716800000| PB 0x0000000716800000| Untracked 
|  77|0x0000000716800000, 0x0000000716a00000, 0x0000000716a00000|100%| O|  |TAMS 0x0000000716a00000| PB 0x0000000716a00000| Updating 
|  78|0x0000000716a00000, 0x0000000716c00000, 0x0000000716c00000|100%| O|  |TAMS 0x0000000716c00000| PB 0x0000000716c00000| Updating 
|  79|0x0000000716c00000, 0x0000000716e00000, 0x0000000716e00000|100%| O|  |TAMS 0x0000000716e00000| PB 0x0000000716e00000| Untracked 
|  80|0x0000000716e00000, 0x0000000717000000, 0x0000000717000000|100%| O|  |TAMS 0x0000000717000000| PB 0x0000000717000000| Untracked 
|  81|0x0000000717000000, 0x0000000717200000, 0x0000000717200000|100%| O|  |TAMS 0x0000000717200000| PB 0x0000000717200000| Untracked 
|  82|0x0000000717200000, 0x0000000717400000, 0x0000000717400000|100%| O|  |TAMS 0x0000000717400000| PB 0x0000000717400000| Updating 
|  83|0x0000000717400000, 0x0000000717600000, 0x0000000717600000|100%| O|  |TAMS 0x0000000717600000| PB 0x0000000717600000| Updating 
|  84|0x0000000717600000, 0x0000000717800000, 0x0000000717800000|100%| O|  |TAMS 0x0000000717800000| PB 0x0000000717800000| Untracked 
|  85|0x0000000717800000, 0x0000000717a00000, 0x0000000717a00000|100%| O|  |TAMS 0x0000000717a00000| PB 0x0000000717a00000| Untracked 
|  86|0x0000000717a00000, 0x0000000717c00000, 0x0000000717c00000|100%| O|  |TAMS 0x0000000717c00000| PB 0x0000000717c00000| Untracked 
|  87|0x0000000717c00000, 0x0000000717e00000, 0x0000000717e00000|100%| O|  |TAMS 0x0000000717e00000| PB 0x0000000717e00000| Untracked 
|  88|0x0000000717e00000, 0x0000000718000000, 0x0000000718000000|100%| O|  |TAMS 0x0000000718000000| PB 0x0000000718000000| Untracked 
|  89|0x0000000718000000, 0x0000000718200000, 0x0000000718200000|100%| O|  |TAMS 0x0000000718200000| PB 0x0000000718200000| Updating 
|  90|0x0000000718200000, 0x0000000718400000, 0x0000000718400000|100%| O|  |TAMS 0x0000000718400000| PB 0x0000000718400000| Updating 
|  91|0x0000000718400000, 0x0000000718600000, 0x0000000718600000|100%| O|  |TAMS 0x0000000718600000| PB 0x0000000718600000| Updating 
|  92|0x0000000718600000, 0x0000000718800000, 0x0000000718800000|100%| O|  |TAMS 0x0000000718800000| PB 0x0000000718800000| Untracked 
|  93|0x0000000718800000, 0x0000000718a00000, 0x0000000718a00000|100%| O|  |TAMS 0x0000000718a00000| PB 0x0000000718a00000| Untracked 
|  94|0x0000000718a00000, 0x0000000718c00000, 0x0000000718c00000|100%| O|  |TAMS 0x0000000718c00000| PB 0x0000000718c00000| Untracked 
|  95|0x0000000718c00000, 0x0000000718e00000, 0x0000000718e00000|100%| O|  |TAMS 0x0000000718e00000| PB 0x0000000718e00000| Untracked 
|  96|0x0000000718e00000, 0x0000000719000000, 0x0000000719000000|100%| O|  |TAMS 0x0000000719000000| PB 0x0000000719000000| Untracked 
|  97|0x0000000719000000, 0x0000000719200000, 0x0000000719200000|100%| O|  |TAMS 0x0000000719200000| PB 0x0000000719200000| Updating 
|  98|0x0000000719200000, 0x0000000719400000, 0x0000000719400000|100%| O|  |TAMS 0x0000000719200000| PB 0x0000000719200000| Untracked 
|  99|0x0000000719400000, 0x0000000719571420, 0x0000000719600000| 72%| O|  |TAMS 0x0000000719400000| PB 0x0000000719400000| Updating 
| 100|0x0000000719600000, 0x0000000719600000, 0x0000000719800000|  0%| F|  |TAMS 0x0000000719600000| PB 0x0000000719600000| Untracked 
| 101|0x0000000719800000, 0x0000000719800000, 0x0000000719a00000|  0%| F|  |TAMS 0x0000000719800000| PB 0x0000000719800000| Untracked 
| 102|0x0000000719a00000, 0x0000000719a00000, 0x0000000719c00000|  0%| F|  |TAMS 0x0000000719a00000| PB 0x0000000719a00000| Untracked 
| 103|0x0000000719c00000, 0x0000000719c00000, 0x0000000719e00000|  0%| F|  |TAMS 0x0000000719c00000| PB 0x0000000719c00000| Untracked 
| 104|0x0000000719e00000, 0x0000000719e00000, 0x000000071a000000|  0%| F|  |TAMS 0x0000000719e00000| PB 0x0000000719e00000| Untracked 
| 105|0x000000071a000000, 0x000000071a000000, 0x000000071a200000|  0%| F|  |TAMS 0x000000071a000000| PB 0x000000071a000000| Untracked 
| 106|0x000000071a200000, 0x000000071a200000, 0x000000071a400000|  0%| F|  |TAMS 0x000000071a200000| PB 0x000000071a200000| Untracked 
| 107|0x000000071a400000, 0x000000071a400000, 0x000000071a600000|  0%| F|  |TAMS 0x000000071a400000| PB 0x000000071a400000| Untracked 
| 108|0x000000071a600000, 0x000000071a800000, 0x000000071a800000|100%| S|CS|TAMS 0x000000071a600000| PB 0x000000071a600000| Complete 
| 109|0x000000071a800000, 0x000000071aa00000, 0x000000071aa00000|100%| S|CS|TAMS 0x000000071a800000| PB 0x000000071a800000| Complete 
| 110|0x000000071aa00000, 0x000000071ac00000, 0x000000071ac00000|100%| S|CS|TAMS 0x000000071aa00000| PB 0x000000071aa00000| Complete 
| 111|0x000000071ac00000, 0x000000071ae00000, 0x000000071ae00000|100%| S|CS|TAMS 0x000000071ac00000| PB 0x000000071ac00000| Complete 
| 112|0x000000071ae00000, 0x000000071ae00000, 0x000000071b000000|  0%| F|  |TAMS 0x000000071ae00000| PB 0x000000071ae00000| Untracked 
| 113|0x000000071b000000, 0x000000071b200000, 0x000000071b200000|100%| S|CS|TAMS 0x000000071b000000| PB 0x000000071b000000| Complete 
| 114|0x000000071b200000, 0x000000071b400000, 0x000000071b400000|100%| S|CS|TAMS 0x000000071b200000| PB 0x000000071b200000| Complete 
| 115|0x000000071b400000, 0x000000071b400000, 0x000000071b600000|  0%| F|  |TAMS 0x000000071b400000| PB 0x000000071b400000| Untracked 
| 116|0x000000071b600000, 0x000000071b600000, 0x000000071b800000|  0%| F|  |TAMS 0x000000071b600000| PB 0x000000071b600000| Untracked 
| 117|0x000000071b800000, 0x000000071b800000, 0x000000071ba00000|  0%| F|  |TAMS 0x000000071b800000| PB 0x000000071b800000| Untracked 
| 118|0x000000071ba00000, 0x000000071ba00000, 0x000000071bc00000|  0%| F|  |TAMS 0x000000071ba00000| PB 0x000000071ba00000| Untracked 
| 119|0x000000071bc00000, 0x000000071bc00000, 0x000000071be00000|  0%| F|  |TAMS 0x000000071bc00000| PB 0x000000071bc00000| Untracked 
| 120|0x000000071be00000, 0x000000071be00000, 0x000000071c000000|  0%| F|  |TAMS 0x000000071be00000| PB 0x000000071be00000| Untracked 
| 121|0x000000071c000000, 0x000000071c000000, 0x000000071c200000|  0%| F|  |TAMS 0x000000071c000000| PB 0x000000071c000000| Untracked 
| 122|0x000000071c200000, 0x000000071c200000, 0x000000071c400000|  0%| F|  |TAMS 0x000000071c200000| PB 0x000000071c200000| Untracked 
| 123|0x000000071c400000, 0x000000071c400000, 0x000000071c600000|  0%| F|  |TAMS 0x000000071c400000| PB 0x000000071c400000| Untracked 
| 124|0x000000071c600000, 0x000000071c600000, 0x000000071c800000|  0%| F|  |TAMS 0x000000071c600000| PB 0x000000071c600000| Untracked 
| 125|0x000000071c800000, 0x000000071c800000, 0x000000071ca00000|  0%| F|  |TAMS 0x000000071c800000| PB 0x000000071c800000| Untracked 
| 126|0x000000071ca00000, 0x000000071ca00000, 0x000000071cc00000|  0%| F|  |TAMS 0x000000071ca00000| PB 0x000000071ca00000| Untracked 
| 127|0x000000071cc00000, 0x000000071cc00000, 0x000000071ce00000|  0%| F|  |TAMS 0x000000071cc00000| PB 0x000000071cc00000| Untracked 
| 128|0x000000071ce00000, 0x000000071ce00000, 0x000000071d000000|  0%| F|  |TAMS 0x000000071ce00000| PB 0x000000071ce00000| Untracked 
| 129|0x000000071d000000, 0x000000071d000000, 0x000000071d200000|  0%| F|  |TAMS 0x000000071d000000| PB 0x000000071d000000| Untracked 
| 130|0x000000071d200000, 0x000000071d200000, 0x000000071d400000|  0%| F|  |TAMS 0x000000071d200000| PB 0x000000071d200000| Untracked 
| 131|0x000000071d400000, 0x000000071d400000, 0x000000071d600000|  0%| F|  |TAMS 0x000000071d400000| PB 0x000000071d400000| Untracked 
| 132|0x000000071d600000, 0x000000071d600000, 0x000000071d800000|  0%| F|  |TAMS 0x000000071d600000| PB 0x000000071d600000| Untracked 
| 133|0x000000071d800000, 0x000000071d800000, 0x000000071da00000|  0%| F|  |TAMS 0x000000071d800000| PB 0x000000071d800000| Untracked 
| 134|0x000000071da00000, 0x000000071da00000, 0x000000071dc00000|  0%| F|  |TAMS 0x000000071da00000| PB 0x000000071da00000| Untracked 
| 135|0x000000071dc00000, 0x000000071dc00000, 0x000000071de00000|  0%| F|  |TAMS 0x000000071dc00000| PB 0x000000071dc00000| Untracked 
| 136|0x000000071de00000, 0x000000071de00000, 0x000000071e000000|  0%| F|  |TAMS 0x000000071de00000| PB 0x000000071de00000| Untracked 
| 137|0x000000071e000000, 0x000000071e000000, 0x000000071e200000|  0%| F|  |TAMS 0x000000071e000000| PB 0x000000071e000000| Untracked 
| 138|0x000000071e200000, 0x000000071e200000, 0x000000071e400000|  0%| F|  |TAMS 0x000000071e200000| PB 0x000000071e200000| Untracked 
| 139|0x000000071e400000, 0x000000071e400000, 0x000000071e600000|  0%| F|  |TAMS 0x000000071e400000| PB 0x000000071e400000| Untracked 
| 140|0x000000071e600000, 0x000000071e600000, 0x000000071e800000|  0%| F|  |TAMS 0x000000071e600000| PB 0x000000071e600000| Untracked 
| 141|0x000000071e800000, 0x000000071e800000, 0x000000071ea00000|  0%| F|  |TAMS 0x000000071e800000| PB 0x000000071e800000| Untracked 
| 142|0x000000071ea00000, 0x000000071ea00000, 0x000000071ec00000|  0%| F|  |TAMS 0x000000071ea00000| PB 0x000000071ea00000| Untracked 
| 143|0x000000071ec00000, 0x000000071ec00000, 0x000000071ee00000|  0%| F|  |TAMS 0x000000071ec00000| PB 0x000000071ec00000| Untracked 
| 144|0x000000071ee00000, 0x000000071ee00000, 0x000000071f000000|  0%| F|  |TAMS 0x000000071ee00000| PB 0x000000071ee00000| Untracked 
| 145|0x000000071f000000, 0x000000071f000000, 0x000000071f200000|  0%| F|  |TAMS 0x000000071f000000| PB 0x000000071f000000| Untracked 
| 146|0x000000071f200000, 0x000000071f200000, 0x000000071f400000|  0%| F|  |TAMS 0x000000071f200000| PB 0x000000071f200000| Untracked 
| 147|0x000000071f400000, 0x000000071f400000, 0x000000071f600000|  0%| F|  |TAMS 0x000000071f400000| PB 0x000000071f400000| Untracked 
| 148|0x000000071f600000, 0x000000071f600000, 0x000000071f800000|  0%| F|  |TAMS 0x000000071f600000| PB 0x000000071f600000| Untracked 
| 149|0x000000071f800000, 0x000000071f800000, 0x000000071fa00000|  0%| F|  |TAMS 0x000000071f800000| PB 0x000000071f800000| Untracked 
| 150|0x000000071fa00000, 0x000000071fa00000, 0x000000071fc00000|  0%| F|  |TAMS 0x000000071fa00000| PB 0x000000071fa00000| Untracked 
| 151|0x000000071fc00000, 0x000000071fc00000, 0x000000071fe00000|  0%| F|  |TAMS 0x000000071fc00000| PB 0x000000071fc00000| Untracked 
| 152|0x000000071fe00000, 0x000000071fe00000, 0x0000000720000000|  0%| F|  |TAMS 0x000000071fe00000| PB 0x000000071fe00000| Untracked 
| 153|0x0000000720000000, 0x0000000720000000, 0x0000000720200000|  0%| F|  |TAMS 0x0000000720000000| PB 0x0000000720000000| Untracked 
| 154|0x0000000720200000, 0x0000000720200000, 0x0000000720400000|  0%| F|  |TAMS 0x0000000720200000| PB 0x0000000720200000| Untracked 
| 155|0x0000000720400000, 0x0000000720600000, 0x0000000720600000|100%| E|  |TAMS 0x0000000720400000| PB 0x0000000720400000| Complete 
| 156|0x0000000720600000, 0x0000000720800000, 0x0000000720800000|100%| E|CS|TAMS 0x0000000720600000| PB 0x0000000720600000| Complete 
| 157|0x0000000720800000, 0x0000000720a00000, 0x0000000720a00000|100%| E|CS|TAMS 0x0000000720800000| PB 0x0000000720800000| Complete 
| 158|0x0000000720a00000, 0x0000000720c00000, 0x0000000720c00000|100%| E|CS|TAMS 0x0000000720a00000| PB 0x0000000720a00000| Complete 
| 159|0x0000000720c00000, 0x0000000720e00000, 0x0000000720e00000|100%| E|CS|TAMS 0x0000000720c00000| PB 0x0000000720c00000| Complete 
| 160|0x0000000720e00000, 0x0000000721000000, 0x0000000721000000|100%| E|CS|TAMS 0x0000000720e00000| PB 0x0000000720e00000| Complete 
|1944|0x00000007ffe00000, 0x0000000800000000, 0x0000000800000000|100%| O|  |TAMS 0x0000000800000000| PB 0x0000000800000000| Untracked 

Card table byte_map: [0x0000026b5c240000,0x0000026b5c9e0000] _byte_map_base: 0x0000026b589d9000

Marking Bits: (CMBitMap*) 0x0000026b4945d240
 Bits: [0x0000026b5c9e0000, 0x0000026b606a8000)

Polling page: 0x0000026b47370000

Metaspace:

Usage:
  Non-class:     59.84 MB used.
      Class:      7.59 MB used.
       Both:     67.42 MB used.

Virtual space:
  Non-class space:       64.00 MB reserved,      59.94 MB ( 94%) committed,  1 nodes.
      Class space:        1.00 GB reserved,       7.69 MB ( <1%) committed,  1 nodes.
             Both:        1.06 GB reserved,      67.62 MB (  6%) committed. 

Chunk freelists:
   Non-Class:  3.31 MB
       Class:  8.31 MB
        Both:  11.62 MB

MaxMetaspaceSize: unlimited
CompressedClassSpaceSize: 1.00 GB
Initial GC threshold: 21.00 MB
Current GC threshold: 104.50 MB
CDS: off
 - commit_granule_bytes: 65536.
 - commit_granule_words: 8192.
 - virtual_space_node_default_size: 8388608.
 - enlarge_chunks_in_place: 1.
 - use_allocation_guard: 0.


Internal statistics:

num_allocs_failed_limit: 6.
num_arena_births: 302.
num_arena_deaths: 0.
num_vsnodes_births: 2.
num_vsnodes_deaths: 0.
num_space_committed: 1080.
num_space_uncommitted: 0.
num_chunks_returned_to_freelist: 6.
num_chunks_taken_from_freelist: 2417.
num_chunk_merges: 6.
num_chunk_splits: 2008.
num_chunks_enlarged: 1824.
num_inconsistent_stats: 0.

CodeHeap 'non-profiled nmethods': size=120000Kb used=8609Kb max_used=9509Kb free=111390Kb
 bounds [0x0000026b54020000, 0x0000026b54970000, 0x0000026b5b550000]
CodeHeap 'profiled nmethods': size=120000Kb used=36589Kb max_used=40377Kb free=83410Kb
 bounds [0x0000026b4c550000, 0x0000026b4ecc0000, 0x0000026b53a80000]
CodeHeap 'non-nmethods': size=5760Kb used=1657Kb max_used=1739Kb free=4102Kb
 bounds [0x0000026b53a80000, 0x0000026b53cf0000, 0x0000026b54020000]
CodeCache: size=245760Kb, used=46855Kb, max_used=51625Kb, free=198902Kb
 total_blobs=11590, nmethods=10896, adapters=594, full_count=0
Compilation: enabled, stopped_count=0, restarted_count=0

Compilation events (20 events):
Event: 12.456 Thread 0x0000026b6354b590 12823       3       org.jetbrains.kotlin.fir.java.declarations.FirJavaConstructorBuilder::build (61 bytes)
Event: 12.456 Thread 0x0000026b6370a1d0 nmethod 12809 0x0000026b54967c90 code [0x0000026b54967e40, 0x0000026b54967fa8]
Event: 12.456 Thread 0x0000026b6370a1d0 12801       4       org.jetbrains.kotlin.fir.resolve.calls.tower.MemberScopeTowerLevel::getOriginalReceiverExpressionIfStableSmartCast (63 bytes)
Event: 12.458 Thread 0x0000026b6370a1d0 nmethod 12801 0x0000026b54968210 code [0x0000026b549683a0, 0x0000026b549684e0]
Event: 12.458 Thread 0x0000026b6370a1d0 12731       4       org.jetbrains.kotlin.resolve.calls.inference.ConstraintSystemBuilderKt::addSubtypeConstraintIfCompatible (35 bytes)
Event: 12.459 Thread 0x0000026b6354b590 nmethod 12823 0x0000026b4ecb6d90 code [0x0000026b4ecb74c0, 0x0000026b4ecbafc8]
Event: 12.459 Thread 0x0000026b6354b590 12825       3       org.jetbrains.kotlin.load.java.structure.impl.classFiles.AnnotationsAndParameterCollectorMethodVisitor::visitTypeAnnotation$getTargetType (46 bytes)
Event: 12.459 Thread 0x0000026b6354b590 nmethod 12825 0x0000026b4ecbc410 code [0x0000026b4ecbc680, 0x0000026b4ecbd198]
Event: 12.459 Thread 0x0000026b6354b590 12824       3       org.jetbrains.kotlin.fir.FirElementWithResolveState::getResolveState (17 bytes)
Event: 12.460 Thread 0x0000026b6354b590 nmethod 12824 0x0000026b4ecbd590 code [0x0000026b4ecbd820, 0x0000026b4ecbe200]
Event: 12.460 Thread 0x0000026b6354b590 12826       1       org.jetbrains.kotlin.fir.declarations.impl.FirValueParameterImpl::getContainerSource (5 bytes)
Event: 12.460 Thread 0x0000026b6354b590 nmethod 12826 0x0000026b54968610 code [0x0000026b549687a0, 0x0000026b54968870]
Event: 12.460 Thread 0x0000026b6354b590 12827       1       org.jetbrains.kotlin.fir.declarations.builder.FirValueParameterBuilder::setContainerSource (6 bytes)
Event: 12.460 Thread 0x0000026b6354b590 nmethod 12827 0x0000026b54968910 code [0x0000026b54968aa0, 0x0000026b54968bb8]
Event: 12.460 Thread 0x0000026b6354b590 12828       1       org.jetbrains.kotlin.fir.declarations.builder.FirValueParameterBuilder::setDispatchReceiverType (6 bytes)
Event: 12.460 Thread 0x0000026b6354b590 nmethod 12828 0x0000026b54968c10 code [0x0000026b54968da0, 0x0000026b54968eb8]
Event: 12.460 Thread 0x0000026b6354b590 12829       1       org.jetbrains.kotlin.fir.declarations.builder.FirValueParameterBuilder::setBackingField (6 bytes)
Event: 12.460 Thread 0x0000026b6354b590 nmethod 12829 0x0000026b54968f10 code [0x0000026b549690a0, 0x0000026b549691b8]
Event: 12.460 Thread 0x0000026b6354b590 12830       1       org.jetbrains.kotlin.fir.declarations.impl.FirValueParameterImpl::getContainingFunctionSymbol (5 bytes)
Event: 12.460 Thread 0x0000026b6354b590 nmethod 12830 0x0000026b54969210 code [0x0000026b549693a0, 0x0000026b54969470]

GC Heap History (20 events):
Event: 3.512 GC heap before
{Heap before GC invocations=14 (full 0):
 garbage-first heap   total 206848K, used 157415K [0x000000070ce00000, 0x0000000800000000)
  region size 2048K, 41 young (83968K), 1 survivors (2048K)
 Metaspace       used 52460K, committed 52736K, reserved 1114112K
  class space    used 6002K, committed 6144K, reserved 1048576K
}
Event: 3.530 GC heap after
{Heap after GC invocations=15 (full 0):
 garbage-first heap   total 206848K, used 99720K [0x000000070ce00000, 0x0000000800000000)
  region size 2048K, 6 young (12288K), 6 survivors (12288K)
 Metaspace       used 52460K, committed 52736K, reserved 1114112K
  class space    used 6002K, committed 6144K, reserved 1048576K
}
Event: 3.724 GC heap before
{Heap before GC invocations=15 (full 0):
 garbage-first heap   total 206848K, used 165256K [0x000000070ce00000, 0x0000000800000000)
  region size 2048K, 38 young (77824K), 6 survivors (12288K)
 Metaspace       used 52675K, committed 52992K, reserved 1114112K
  class space    used 6006K, committed 6144K, reserved 1048576K
}
Event: 3.744 GC heap after
{Heap after GC invocations=16 (full 0):
 garbage-first heap   total 206848K, used 115658K [0x000000070ce00000, 0x0000000800000000)
  region size 2048K, 5 young (10240K), 5 survivors (10240K)
 Metaspace       used 52675K, committed 52992K, reserved 1114112K
  class space    used 6006K, committed 6144K, reserved 1048576K
}
Event: 3.836 GC heap before
{Heap before GC invocations=16 (full 0):
 garbage-first heap   total 206848K, used 170954K [0x000000070ce00000, 0x0000000800000000)
  region size 2048K, 32 young (65536K), 5 survivors (10240K)
 Metaspace       used 52675K, committed 52992K, reserved 1114112K
  class space    used 6006K, committed 6144K, reserved 1048576K
}
Event: 3.845 GC heap after
{Heap after GC invocations=17 (full 0):
 garbage-first heap   total 206848K, used 129024K [0x000000070ce00000, 0x0000000800000000)
  region size 2048K, 4 young (8192K), 4 survivors (8192K)
 Metaspace       used 52675K, committed 52992K, reserved 1114112K
  class space    used 6006K, committed 6144K, reserved 1048576K
}
Event: 3.954 GC heap before
{Heap before GC invocations=17 (full 0):
 garbage-first heap   total 215040K, used 176128K [0x000000070ce00000, 0x0000000800000000)
  region size 2048K, 27 young (55296K), 4 survivors (8192K)
 Metaspace       used 52684K, committed 52992K, reserved 1114112K
  class space    used 6007K, committed 6144K, reserved 1048576K
}
Event: 3.959 GC heap after
{Heap after GC invocations=18 (full 0):
 garbage-first heap   total 215040K, used 140998K [0x000000070ce00000, 0x0000000800000000)
  region size 2048K, 4 young (8192K), 4 survivors (8192K)
 Metaspace       used 52684K, committed 52992K, reserved 1114112K
  class space    used 6007K, committed 6144K, reserved 1048576K
}
Event: 4.040 GC heap before
{Heap before GC invocations=19 (full 0):
 garbage-first heap   total 215040K, used 186054K [0x000000070ce00000, 0x0000000800000000)
  region size 2048K, 26 young (53248K), 4 survivors (8192K)
 Metaspace       used 52684K, committed 52992K, reserved 1114112K
  class space    used 6007K, committed 6144K, reserved 1048576K
}
Event: 4.046 GC heap after
{Heap after GC invocations=20 (full 0):
 garbage-first heap   total 331776K, used 152008K [0x000000070ce00000, 0x0000000800000000)
  region size 2048K, 4 young (8192K), 4 survivors (8192K)
 Metaspace       used 52684K, committed 52992K, reserved 1114112K
  class space    used 6007K, committed 6144K, reserved 1048576K
}
Event: 5.306 GC heap before
{Heap before GC invocations=20 (full 0):
 garbage-first heap   total 331776K, used 264648K [0x000000070ce00000, 0x0000000800000000)
  region size 2048K, 59 young (120832K), 4 survivors (8192K)
 Metaspace       used 57617K, committed 57856K, reserved 1114112K
  class space    used 6539K, committed 6656K, reserved 1048576K
}
Event: 5.317 GC heap after
{Heap after GC invocations=21 (full 0):
 garbage-first heap   total 331776K, used 170563K [0x000000070ce00000, 0x0000000800000000)
  region size 2048K, 8 young (16384K), 8 survivors (16384K)
 Metaspace       used 57617K, committed 57856K, reserved 1114112K
  class space    used 6539K, committed 6656K, reserved 1048576K
}
Event: 7.633 GC heap before
{Heap before GC invocations=21 (full 0):
 garbage-first heap   total 331776K, used 268867K [0x000000070ce00000, 0x0000000800000000)
  region size 2048K, 56 young (114688K), 8 survivors (16384K)
 Metaspace       used 63771K, committed 64128K, reserved 1114112K
  class space    used 7202K, committed 7360K, reserved 1048576K
}
Event: 7.650 GC heap after
{Heap after GC invocations=22 (full 0):
 garbage-first heap   total 331776K, used 186986K [0x000000070ce00000, 0x0000000800000000)
  region size 2048K, 7 young (14336K), 7 survivors (14336K)
 Metaspace       used 63771K, committed 64128K, reserved 1114112K
  class space    used 7202K, committed 7360K, reserved 1048576K
}
Event: 9.824 GC heap before
{Heap before GC invocations=23 (full 0):
 garbage-first heap   total 331776K, used 279146K [0x000000070ce00000, 0x0000000800000000)
  region size 2048K, 52 young (106496K), 7 survivors (14336K)
 Metaspace       used 68085K, committed 68352K, reserved 1114112K
  class space    used 7731K, committed 7872K, reserved 1048576K
}
Event: 9.842 GC heap after
{Heap after GC invocations=24 (full 0):
 garbage-first heap   total 331776K, used 200733K [0x000000070ce00000, 0x0000000800000000)
  region size 2048K, 6 young (12288K), 6 survivors (12288K)
 Metaspace       used 68085K, committed 68352K, reserved 1114112K
  class space    used 7731K, committed 7872K, reserved 1048576K
}
Event: 11.390 GC heap before
{Heap before GC invocations=24 (full 0):
 garbage-first heap   total 331776K, used 286749K [0x000000070ce00000, 0x0000000800000000)
  region size 2048K, 48 young (98304K), 6 survivors (12288K)
 Metaspace       used 68756K, committed 68992K, reserved 1114112K
  class space    used 7762K, committed 7872K, reserved 1048576K
}
Event: 11.401 GC heap after
{Heap after GC invocations=25 (full 0):
 garbage-first heap   total 331776K, used 206131K [0x000000070ce00000, 0x0000000800000000)
  region size 2048K, 4 young (8192K), 4 survivors (8192K)
 Metaspace       used 68756K, committed 68992K, reserved 1114112K
  class space    used 7762K, committed 7872K, reserved 1048576K
}
Event: 12.324 GC heap before
{Heap before GC invocations=25 (full 0):
 garbage-first heap   total 331776K, used 294195K [0x000000070ce00000, 0x0000000800000000)
  region size 2048K, 47 young (96256K), 4 survivors (8192K)
 Metaspace       used 69018K, committed 69248K, reserved 1114112K
  class space    used 7768K, committed 7872K, reserved 1048576K
}
Event: 12.337 GC heap after
{Heap after GC invocations=26 (full 0):
 garbage-first heap   total 331776K, used 218565K [0x000000070ce00000, 0x0000000800000000)
  region size 2048K, 6 young (12288K), 6 survivors (12288K)
 Metaspace       used 69018K, committed 69248K, reserved 1114112K
  class space    used 7768K, committed 7872K, reserved 1048576K
}

Dll operation events (3 events):
Event: 0.006 Loaded shared library C:\Program Files\Android\Android Studio\jbr\bin\java.dll
Event: 0.011 Loaded shared library C:\Program Files\Android\Android Studio\jbr\bin\zip.dll
Event: 0.829 Loaded shared library C:\Program Files\Android\Android Studio\jbr\bin\verify.dll

Deoptimization events (20 events):
Event: 12.244 Thread 0x0000026b46f60db0 DEOPT PACKING pc=0x0000026b545b82a4 sp=0x000000c5032f6ff0
Event: 12.244 Thread 0x0000026b46f60db0 DEOPT UNPACKING pc=0x0000026b53ad46a2 sp=0x000000c5032f6e38 mode 2
Event: 12.248 Thread 0x0000026b46f60db0 Uncommon trap: trap_request=0xffffffc6 fr.pc=0x0000026b543031b4 relative=0x0000000000004f54
Event: 12.248 Thread 0x0000026b46f60db0 Uncommon trap: reason=bimorphic_or_optimized_type_check action=maybe_recompile pc=0x0000026b543031b4 method=org.jetbrains.kotlin.fir.declarations.DeprecationUtilsKt.extractDeprecationAnnotationInfoPerUseSite(Ljava/util/List;ZLorg/jetbrains/kotlin/fir/FirS
Event: 12.248 Thread 0x0000026b46f60db0 DEOPT PACKING pc=0x0000026b543031b4 sp=0x000000c5032f8860
Event: 12.248 Thread 0x0000026b46f60db0 DEOPT UNPACKING pc=0x0000026b53ad46a2 sp=0x000000c5032f87a0 mode 2
Event: 12.307 Thread 0x0000026b46f60db0 Uncommon trap: trap_request=0xffffff45 fr.pc=0x0000026b54745bcc relative=0x000000000000568c
Event: 12.307 Thread 0x0000026b46f60db0 Uncommon trap: reason=unstable_if action=reinterpret pc=0x0000026b54745bcc method=org.jetbrains.kotlin.fir.resolve.calls.tower.FirTowerResolveTask.processCandidatesWithGivenImplicitReceiverAsValue(Lorg/jetbrains/kotlin/fir/resolve/calls/ImplicitReceiverVa
Event: 12.307 Thread 0x0000026b46f60db0 DEOPT PACKING pc=0x0000026b54745bcc sp=0x000000c5032f5100
Event: 12.307 Thread 0x0000026b46f60db0 DEOPT UNPACKING pc=0x0000026b53ad46a2 sp=0x000000c5032f5070 mode 2
Event: 12.322 Thread 0x0000026b46f60db0 DEOPT PACKING pc=0x0000026b4e504e3f sp=0x000000c5032f12d0
Event: 12.322 Thread 0x0000026b46f60db0 DEOPT UNPACKING pc=0x0000026b53ad4e42 sp=0x000000c5032f0850 mode 0
Event: 12.344 Thread 0x0000026b46f60db0 Uncommon trap: trap_request=0xffffff45 fr.pc=0x0000026b540731e8 relative=0x00000000000009e8
Event: 12.344 Thread 0x0000026b46f60db0 Uncommon trap: reason=unstable_if action=reinterpret pc=0x0000026b540731e8 method=org.jetbrains.org.objectweb.asm.ClassReader.readUtf(II[C)Ljava/lang/String; @ 69 c2
Event: 12.344 Thread 0x0000026b46f60db0 DEOPT PACKING pc=0x0000026b540731e8 sp=0x000000c5032f1140
Event: 12.344 Thread 0x0000026b46f60db0 DEOPT UNPACKING pc=0x0000026b53ad46a2 sp=0x000000c5032f0fd8 mode 2
Event: 12.344 Thread 0x0000026b46f60db0 Uncommon trap: trap_request=0xffffff45 fr.pc=0x0000026b540a2730 relative=0x0000000000000210
Event: 12.344 Thread 0x0000026b46f60db0 Uncommon trap: reason=unstable_if action=reinterpret pc=0x0000026b540a2730 method=java.lang.StringUTF16.compress([CII)[B @ 13 c2
Event: 12.344 Thread 0x0000026b46f60db0 DEOPT PACKING pc=0x0000026b540a2730 sp=0x000000c5032f0e70
Event: 12.344 Thread 0x0000026b46f60db0 DEOPT UNPACKING pc=0x0000026b53ad46a2 sp=0x000000c5032f0df8 mode 2

Classes loaded (20 events):
Event: 9.115 Loading class java/util/stream/Node$OfInt done
Event: 9.115 Loading class java/util/stream/Nodes$EmptyNode$OfInt done
Event: 9.115 Loading class java/util/stream/Nodes$EmptyNode$OfLong
Event: 9.115 Loading class java/util/stream/Node$OfLong
Event: 9.115 Loading class java/util/stream/Node$OfLong done
Event: 9.115 Loading class java/util/stream/Nodes$EmptyNode$OfLong done
Event: 9.115 Loading class java/util/stream/Nodes$EmptyNode$OfDouble
Event: 9.115 Loading class java/util/stream/Node$OfDouble
Event: 9.115 Loading class java/util/stream/Node$OfDouble done
Event: 9.115 Loading class java/util/stream/Nodes$EmptyNode$OfDouble done
Event: 9.115 Loading class java/util/stream/Nodes$FixedNodeBuilder
Event: 9.115 Loading class java/util/stream/Node$Builder
Event: 9.115 Loading class java/util/stream/Node$Builder done
Event: 9.115 Loading class java/util/stream/Nodes$ArrayNode
Event: 9.115 Loading class java/util/stream/Nodes$ArrayNode done
Event: 9.116 Loading class java/util/stream/Nodes$FixedNodeBuilder done
Event: 9.243 Loading class java/util/ComparableTimSort
Event: 9.244 Loading class java/util/ComparableTimSort done
Event: 9.792 Loading class java/lang/Short$ShortCache
Event: 9.792 Loading class java/lang/Short$ShortCache done

Classes unloaded (0 events):
No events

Classes redefined (0 events):
No events

Internal exceptions (20 events):
Event: 5.321 Thread 0x0000026b46f60db0 Exception <a 'java/lang/NoSuchMethodError'{0x0000000720e40f48}: 'java.lang.Object java.lang.invoke.DirectMethodHandle$Holder.newInvokeSpecial(java.lang.Object, java.lang.Object, java.lang.Object, int)'> (0x0000000720e40f48) 
thrown [s\src\hotspot\share\interpreter\linkResolver.cpp, line 784]
Event: 5.322 Thread 0x0000026b46f60db0 Exception <a 'java/lang/NoSuchMethodError'{0x0000000720e44d48}: 'java.lang.Object java.lang.invoke.DirectMethodHandle$Holder.invokeSpecial(java.lang.Object, java.lang.Object, java.lang.Object, java.lang.Object, int)'> (0x0000000720e44d48) 
thrown [s\src\hotspot\share\interpreter\linkResolver.cpp, line 784]
Event: 5.322 Thread 0x0000026b46f60db0 Exception <a 'java/lang/NoSuchMethodError'{0x0000000720e48490}: 'java.lang.Object java.lang.invoke.Invokers$Holder.linkToTargetMethod(java.lang.Object, java.lang.Object, int, java.lang.Object)'> (0x0000000720e48490) 
thrown [s\src\hotspot\share\interpreter\linkResolver.cpp, line 784]
Event: 5.608 Thread 0x0000026b46f60db0 Exception <a 'java/lang/NoSuchMethodError'{0x00000007205ced30}: 'java.lang.Object java.lang.invoke.DirectMethodHandle$Holder.newInvokeSpecial(java.lang.Object, int, java.lang.Object, java.lang.Object, java.lang.Object)'> (0x00000007205ced30) 
thrown [s\src\hotspot\share\interpreter\linkResolver.cpp, line 784]
Event: 5.608 Thread 0x0000026b46f60db0 Exception <a 'java/lang/NoSuchMethodError'{0x00000007205d6690}: 'java.lang.Object java.lang.invoke.Invokers$Holder.linkToTargetMethod(int, java.lang.Object, java.lang.Object, java.lang.Object, java.lang.Object)'> (0x00000007205d6690) 
thrown [s\src\hotspot\share\interpreter\linkResolver.cpp, line 784]
Event: 5.681 Thread 0x0000026b46f60db0 Exception <a 'java/lang/NoSuchMethodError'{0x00000007201a56f8}: 'java.lang.Object java.lang.invoke.DirectMethodHandle$Holder.invokeStatic(java.lang.Object, java.lang.Object, java.lang.Object, int, java.lang.Object, java.lang.Object)'> (0x00000007201a56f8) 
thrown [s\src\hotspot\share\interpreter\linkResolver.cpp, line 784]
Event: 6.498 Thread 0x0000026b46f60db0 Exception <a 'java/lang/NoSuchMethodError'{0x000000071d7e34f8}: 'java.lang.Object java.lang.invoke.DirectMethodHandle$Holder.newInvokeSpecial(java.lang.Object, java.lang.Object, java.lang.Object, java.lang.Object, java.lang.Object, int)'> (0x000000071d7e34f8) 
thrown [s\src\hotspot\share\interpreter\linkResolver.cpp, line 784]
Event: 6.499 Thread 0x0000026b46f60db0 Exception <a 'java/lang/NoSuchMethodError'{0x000000071d7e81d0}: 'java.lang.Object java.lang.invoke.DirectMethodHandle$Holder.invokeSpecial(java.lang.Object, java.lang.Object, java.lang.Object, java.lang.Object, java.lang.Object, java.lang.Object, int)'> (0x000000071d7e81d0) 
thrown [s\src\hotspot\share\interpreter\linkResolver.cpp, line 784]
Event: 6.499 Thread 0x0000026b46f60db0 Exception <a 'java/lang/NoSuchMethodError'{0x000000071d7ec818}: 'java.lang.Object java.lang.invoke.Invokers$Holder.linkToTargetMethod(java.lang.Object, java.lang.Object, java.lang.Object, java.lang.Object, int, java.lang.Object)'> (0x000000071d7ec818) 
thrown [s\src\hotspot\share\interpreter\linkResolver.cpp, line 784]
Event: 7.205 Thread 0x0000026b46f60db0 Exception <a 'java/lang/NoSuchMethodError'{0x000000071c32a058}: 'java.lang.Object java.lang.invoke.Invokers$Holder.invokeExact_MT(java.lang.Object, java.lang.Object, long, java.lang.Object)'> (0x000000071c32a058) 
thrown [s\src\hotspot\share\interpreter\linkResolver.cpp, line 784]
Event: 7.484 Thread 0x0000026b46f60db0 Exception <a 'java/lang/NoSuchMethodError'{0x000000071b961b38}: 'java.lang.Object java.lang.invoke.DirectMethodHandle$Holder.newInvokeSpecial(java.lang.Object, java.lang.Object, java.lang.Object, java.lang.Object, java.lang.Object, java.lang.Object, java.lang.Object, java.lang.Object, java.lang.Object)'> (0x000000071b961b38) 
thrown [s\src\hotspot\share\interpreter\linkResolver.cpp, line 784]
Event: 8.306 Thread 0x0000026b46f60db0 Implicit null exception at 0x0000026b543aad84 to 0x0000026b543ad760
Event: 8.509 Thread 0x0000026b46f60db0 Implicit null exception at 0x0000026b542e8c9b to 0x0000026b542e8eb8
Event: 9.049 Thread 0x0000026b46f60db0 Exception <a 'java/lang/NoSuchMethodError'{0x000000071d0bacf0}: 'java.lang.Object java.lang.invoke.Invokers$Holder.invokeExact_MT(java.lang.Object, java.lang.Object, java.lang.Object, java.lang.Object, java.lang.Object, java.lang.Object)'> (0x000000071d0bacf0) 
thrown [s\src\hotspot\share\interpreter\linkResolver.cpp, line 784]
Event: 9.268 Thread 0x0000026b46f60db0 Exception <a 'java/lang/NoSuchMethodError'{0x000000071cdce4b0}: 'void java.lang.invoke.DirectMethodHandle$Holder.invokeSpecial(java.lang.Object, java.lang.Object, int, java.lang.Object)'> (0x000000071cdce4b0) 
thrown [s\src\hotspot\share\interpreter\linkResolver.cpp, line 784]
Event: 9.571 Thread 0x0000026b46f60db0 Implicit null exception at 0x0000026b5448bb0c to 0x0000026b5448bbdc
Event: 9.972 Thread 0x0000026b46f60db0 Implicit null exception at 0x0000026b546881bc to 0x0000026b546885bc
Event: 12.201 Thread 0x0000026b46f60db0 Implicit null exception at 0x0000026b5472f1b8 to 0x0000026b54732710
Event: 12.202 Thread 0x0000026b46f60db0 Implicit null exception at 0x0000026b5468cdb0 to 0x0000026b5468d0b0
Event: 12.243 Thread 0x0000026b46f60db0 Implicit null exception at 0x0000026b54762a27 to 0x0000026b54762c44

ZGC Phase Switch (0 events):
No events

VM Operations (20 events):
Event: 10.560 Executing VM operation: ICBufferFull done
Event: 10.780 Executing VM operation: ICBufferFull
Event: 10.780 Executing VM operation: ICBufferFull done
Event: 10.955 Executing VM operation: ICBufferFull
Event: 10.956 Executing VM operation: ICBufferFull done
Event: 11.174 Executing VM operation: ICBufferFull
Event: 11.174 Executing VM operation: ICBufferFull done
Event: 11.353 Executing VM operation: HandshakeAllThreads (Deoptimize)
Event: 11.353 Executing VM operation: HandshakeAllThreads (Deoptimize) done
Event: 11.354 Executing VM operation: ICBufferFull
Event: 11.354 Executing VM operation: ICBufferFull done
Event: 11.390 Executing VM operation: G1CollectForAllocation (G1 Evacuation Pause)
Event: 11.401 Executing VM operation: G1CollectForAllocation (G1 Evacuation Pause) done
Event: 11.701 Executing VM operation: ICBufferFull
Event: 11.701 Executing VM operation: ICBufferFull done
Event: 12.205 Executing VM operation: ICBufferFull
Event: 12.205 Executing VM operation: ICBufferFull done
Event: 12.324 Executing VM operation: G1CollectForAllocation (G1 Evacuation Pause)
Event: 12.337 Executing VM operation: G1CollectForAllocation (G1 Evacuation Pause) done
Event: 12.470 Executing VM operation: G1PauseRemark

Memory protections (0 events):
No events

Nmethod flushes (20 events):
Event: 12.478 Thread 0x0000026b6348b830 flushing  nmethod 0x0000026b4d4db810
Event: 12.478 Thread 0x0000026b6348b830 flushing  nmethod 0x0000026b4d4ddc90
Event: 12.478 Thread 0x0000026b6348b830 flushing  nmethod 0x0000026b4d4de210
Event: 12.478 Thread 0x0000026b6348b830 flushing  nmethod 0x0000026b4d4de790
Event: 12.478 Thread 0x0000026b6348b830 flushing  nmethod 0x0000026b4d4df410
Event: 12.478 Thread 0x0000026b6348b830 flushing  nmethod 0x0000026b4d4e0010
Event: 12.478 Thread 0x0000026b6348b830 flushing  nmethod 0x0000026b4d4e0c90
Event: 12.478 Thread 0x0000026b6348b830 flushing  nmethod 0x0000026b4d56aa10
Event: 12.478 Thread 0x0000026b6348b830 flushing  nmethod 0x0000026b4d56bc10
Event: 12.478 Thread 0x0000026b6348b830 flushing  nmethod 0x0000026b4d572110
Event: 12.478 Thread 0x0000026b6348b830 flushing  nmethod 0x0000026b4d573690
Event: 12.478 Thread 0x0000026b6348b830 flushing  nmethod 0x0000026b4d698090
Event: 12.478 Thread 0x0000026b6348b830 flushing  nmethod 0x0000026b4d6b2390
Event: 12.478 Thread 0x0000026b6348b830 flushing  nmethod 0x0000026b4d8c8e10
Event: 12.478 Thread 0x0000026b6348b830 flushing  nmethod 0x0000026b4d93a210
Event: 12.478 Thread 0x0000026b6348b830 flushing  nmethod 0x0000026b4da1c490
Event: 12.478 Thread 0x0000026b6348b830 flushing  nmethod 0x0000026b4db67a90
Event: 12.478 Thread 0x0000026b6348b830 flushing  nmethod 0x0000026b4db6d010
Event: 12.478 Thread 0x0000026b6348b830 flushing  nmethod 0x0000026b4db7d090
Event: 12.478 Thread 0x0000026b6348b830 flushing  nmethod 0x0000026b4dcbf910

Events (17 events):
Event: 0.010 Thread 0x0000026b46f60db0 Thread added: 0x0000026b46f60db0
Event: 0.039 Thread 0x0000026b46f60db0 Thread added: 0x0000026b635062e0
Event: 0.044 Thread 0x0000026b46f60db0 Thread added: 0x0000026b635093b0
Event: 0.044 Thread 0x0000026b46f60db0 Thread added: 0x0000026b63509e10
Event: 0.045 Thread 0x0000026b46f60db0 Thread added: 0x0000026b635338b0
Event: 0.045 Thread 0x0000026b46f60db0 Thread added: 0x0000026b6353c380
Event: 0.045 Thread 0x0000026b46f60db0 Thread added: 0x0000026b6353cde0
Event: 0.045 Thread 0x0000026b46f60db0 Thread added: 0x0000026b63545850
Event: 0.045 Thread 0x0000026b46f60db0 Thread added: 0x0000026b635475f0
Event: 0.045 Thread 0x0000026b46f60db0 Thread added: 0x0000026b6354b590
Event: 0.072 Thread 0x0000026b46f60db0 Thread added: 0x0000026b635f0430
Event: 0.080 Loaded shared library C:\Program Files\Android\Android Studio\jbr\bin\net.dll
Event: 0.082 Loaded shared library C:\Program Files\Android\Android Studio\jbr\bin\nio.dll
Event: 0.096 Thread 0x0000026b635475f0 Thread added: 0x0000026b63709b20
Event: 0.096 Thread 0x0000026b635475f0 Thread added: 0x0000026b6370a1d0
Event: 0.105 Loaded shared library C:\Program Files\Android\Android Studio\jbr\bin\zip.dll
Event: 0.134 Loaded shared library C:\Program Files\Android\Android Studio\jbr\bin\jimage.dll


Dynamic libraries:
0x00007ff6eac80000 - 0x00007ff6eac8a000 	C:\Program Files\Android\Android Studio\jbr\bin\java.exe
0x00007ff9b8060000 - 0x00007ff9b82c7000 	C:\Windows\SYSTEM32\ntdll.dll
0x00007ff9b7220000 - 0x00007ff9b72e9000 	C:\Windows\System32\KERNEL32.DLL
0x00007ff9b5760000 - 0x00007ff9b5b4f000 	C:\Windows\System32\KERNELBASE.dll
0x00007ff9b51b0000 - 0x00007ff9b52fb000 	C:\Windows\System32\ucrtbase.dll
0x00007ff98a040000 - 0x00007ff98a05b000 	C:\Program Files\Android\Android Studio\jbr\bin\VCRUNTIME140.dll
0x00007ff9840d0000 - 0x00007ff9840e8000 	C:\Program Files\Android\Android Studio\jbr\bin\jli.dll
0x00007ff9b7050000 - 0x00007ff9b7215000 	C:\Windows\System32\USER32.dll
0x00007ff998a10000 - 0x00007ff998ca3000 	C:\Windows\WinSxS\amd64_microsoft.windows.common-controls_6595b64144ccf1df_6.0.26100.7309_none_3e05feeae336a044\COMCTL32.dll
0x00007ff9b5300000 - 0x00007ff9b5327000 	C:\Windows\System32\win32u.dll
0x00007ff9b6390000 - 0x00007ff9b63bb000 	C:\Windows\System32\GDI32.dll
0x00007ff9b5cd0000 - 0x00007ff9b5dfc000 	C:\Windows\System32\gdi32full.dll
0x00007ff9b54b0000 - 0x00007ff9b5553000 	C:\Windows\System32\msvcp_win.dll
0x00007ff9b7a10000 - 0x00007ff9b7ab9000 	C:\Windows\System32\msvcrt.dll
0x00007ff9b7cb0000 - 0x00007ff9b7ce1000 	C:\Windows\System32\IMM32.DLL
0x00007ff99c920000 - 0x00007ff99c92c000 	C:\Program Files\Android\Android Studio\jbr\bin\vcruntime140_1.dll
0x00007ff961190000 - 0x00007ff96121d000 	C:\Program Files\Android\Android Studio\jbr\bin\msvcp140.dll
0x00007ff8d3c40000 - 0x00007ff8d48d6000 	C:\Program Files\Android\Android Studio\jbr\bin\server\jvm.dll
0x00007ff9b7e60000 - 0x00007ff9b7f14000 	C:\Windows\System32\ADVAPI32.dll
0x00007ff9b63c0000 - 0x00007ff9b6466000 	C:\Windows\System32\sechost.dll
0x00007ff9b5e00000 - 0x00007ff9b5f18000 	C:\Windows\System32\RPCRT4.dll
0x00007ff9b72f0000 - 0x00007ff9b7364000 	C:\Windows\System32\WS2_32.dll
0x00007ff9b5030000 - 0x00007ff9b508e000 	C:\Windows\SYSTEM32\POWRPROF.dll
0x00007ff9a24b0000 - 0x00007ff9a24e5000 	C:\Windows\SYSTEM32\WINMM.dll
0x00007ff9a43f0000 - 0x00007ff9a43fb000 	C:\Windows\SYSTEM32\VERSION.dll
0x00007ff9b5010000 - 0x00007ff9b5024000 	C:\Windows\SYSTEM32\UMPDC.dll
0x00007ff9b3f20000 - 0x00007ff9b3f3b000 	C:\Windows\SYSTEM32\kernel.appcore.dll
0x00007ff989280000 - 0x00007ff98928a000 	C:\Program Files\Android\Android Studio\jbr\bin\jimage.dll
0x00007ff9a36d0000 - 0x00007ff9a3912000 	C:\Windows\SYSTEM32\DBGHELP.DLL
0x00007ff9b6470000 - 0x00007ff9b67f6000 	C:\Windows\System32\combase.dll
0x00007ff9b5f30000 - 0x00007ff9b6006000 	C:\Windows\System32\OLEAUT32.dll
0x00007ff997ad0000 - 0x00007ff997b0c000 	C:\Windows\SYSTEM32\dbgcore.DLL
0x00007ff9b56b0000 - 0x00007ff9b5755000 	C:\Windows\System32\bcryptPrimitives.dll
0x00007ff989260000 - 0x00007ff989280000 	C:\Program Files\Android\Android Studio\jbr\bin\java.dll
0x00007ff986bd0000 - 0x00007ff986be8000 	C:\Program Files\Android\Android Studio\jbr\bin\zip.dll
0x00007ff9b6800000 - 0x00007ff9b6f53000 	C:\Windows\System32\SHELL32.dll
0x00007ff9b5b60000 - 0x00007ff9b5cca000 	C:\Windows\System32\wintypes.dll
0x00007ff9b2d70000 - 0x00007ff9b35ce000 	C:\Windows\SYSTEM32\windows.storage.dll
0x00007ff9b61f0000 - 0x00007ff9b62e4000 	C:\Windows\System32\SHCORE.dll
0x00007ff9b6320000 - 0x00007ff9b6386000 	C:\Windows\System32\shlwapi.dll
0x00007ff9b50d0000 - 0x00007ff9b50f9000 	C:\Windows\SYSTEM32\profapi.dll
0x00007ff986bc0000 - 0x00007ff986bd0000 	C:\Program Files\Android\Android Studio\jbr\bin\net.dll
0x00007ff9adcd0000 - 0x00007ff9addf8000 	C:\Windows\SYSTEM32\WINHTTP.dll
0x00007ff9b4470000 - 0x00007ff9b44db000 	C:\Windows\system32\mswsock.dll
0x00007ff986b10000 - 0x00007ff986b26000 	C:\Program Files\Android\Android Studio\jbr\bin\nio.dll
0x00007ff985e30000 - 0x00007ff985e40000 	C:\Program Files\Android\Android Studio\jbr\bin\verify.dll

JVMTI agents: none

dbghelp: loaded successfully - version: 4.0.5 - missing functions: none
symbol engine: initialized successfully - sym options: 0x614 - pdb path: .;C:\Program Files\Android\Android Studio\jbr\bin;C:\Windows\SYSTEM32;C:\Windows\WinSxS\amd64_microsoft.windows.common-controls_6595b64144ccf1df_6.0.26100.7309_none_3e05feeae336a044;C:\Program Files\Android\Android Studio\jbr\bin\server

VM Arguments:
java_command: org.jetbrains.kotlin.cli.jvm.K2JVMCompiler @D:\Workspace\NutriCook\mobile\app\build\20251203_3195737738835042655.compiler.options
java_class_path (initial): C:\Users\Admin\.gradle\caches\modules-2\files-2.1\org.jetbrains.kotlin\kotlin-compiler-embeddable\2.0.21\79346ed53db48b18312a472602eb5c057070c54d\kotlin-compiler-embeddable-2.0.21.jar;C:\Users\Admin\.gradle\caches\modules-2\files-2.1\org.jetbrains.kotlin\kotlin-stdlib\2.0.21\618b539767b4899b4660a83006e052b63f1db551\kotlin-stdlib-2.0.21.jar;C:\Users\Admin\.gradle\caches\modules-2\files-2.1\org.jetbrains.kotlin\kotlin-script-runtime\2.0.21\c9b044380ad41f89aa89aa896c2d32a8c0b2129d\kotlin-script-runtime-2.0.21.jar;C:\Users\Admin\.gradle\caches\modules-2\files-2.1\org.jetbrains.kotlin\kotlin-reflect\1.6.10\1cbe9c92c12a94eea200d23c2bbaedaf3daf5132\kotlin-reflect-1.6.10.jar;C:\Users\Admin\.gradle\caches\modules-2\files-2.1\org.jetbrains.kotlin\kotlin-daemon-embeddable\2.0.21\c9e933b23287de9b5a17e2116b4657bb91aea72c\kotlin-daemon-embeddable-2.0.21.jar;C:\Users\Admin\.gradle\caches\modules-2\files-2.1\org.jetbrains.intellij.deps\trove4j\1.0.20200330\3afb14d5f9ceb459d724e907a21145e8ff394f02\trove4j-1.0.20200330.jar;C:\Users\Admin\.gradle\caches\modules-2\files-2.1\org.jetbrains.kotlinx\kotlinx-coroutines-core-jvm\1.6.4\2c997cd1c0ef33f3e751d3831929aeff1390cb30\kotlinx-coroutines-core-jvm-1.6.4.jar;C:\Users\Admin\.gradle\caches\modules-2\files-2.1\org.jetbrains\annotations\13.0\919f0dfe192fb4e063e7dacadee7f8bb9a2672a9\annotations-13.0.jar
Launcher Type: SUN_STANDARD

[Global flags]
     intx CICompilerCount                          = 4                                         {product} {ergonomic}
     uint ConcGCThreads                            = 3                                         {product} {ergonomic}
     uint G1ConcRefinementThreads                  = 10                                        {product} {ergonomic}
   size_t G1HeapRegionSize                         = 2097152                                   {product} {ergonomic}
    uintx GCDrainStackTargetSize                   = 64                                        {product} {ergonomic}
   size_t InitialHeapSize                          = 255852544                                 {product} {ergonomic}
   size_t MarkStackSize                            = 4194304                                   {product} {ergonomic}
   size_t MaxHeapSize                              = 4078960640                                {product} {ergonomic}
   size_t MaxNewSize                               = 2447376384                                {product} {ergonomic}
   size_t MinHeapDeltaBytes                        = 2097152                                   {product} {ergonomic}
   size_t MinHeapSize                              = 8388608                                   {product} {ergonomic}
    uintx NonNMethodCodeHeapSize                   = 5839372                                {pd product} {ergonomic}
    uintx NonProfiledCodeHeapSize                  = 122909434                              {pd product} {ergonomic}
    uintx ProfiledCodeHeapSize                     = 122909434                              {pd product} {ergonomic}
    uintx ReservedCodeCacheSize                    = 251658240                              {pd product} {ergonomic}
     bool SegmentedCodeCache                       = true                                      {product} {ergonomic}
   size_t SoftMaxHeapSize                          = 4078960640                             {manageable} {ergonomic}
     bool UseCompressedOops                        = true                           {product lp64_product} {ergonomic}
     bool UseG1GC                                  = true                                      {product} {ergonomic}
     bool UseLargePagesIndividualAllocation        = false                                  {pd product} {ergonomic}

Logging:
Log output configuration:
 #0: stdout all=warning uptime,level,tags foldmultilines=false
 #1: stderr all=off uptime,level,tags foldmultilines=false

Environment Variables:
JAVA_HOME=C:\Program Files\Eclipse Adoptium\jdk-17.0.15.6-hotspot\
PATH=C:\Program Files\Python313\Scripts\;C:\Program Files\Python313\;C:\Program Files\Eclipse Adoptium\jdk-17.0.15.6-hotspot\bin;C:\Windows\system32;C:\Windows;C:\Windows\System32\Wbem;C:\Windows\System32\WindowsPowerShell\v1.0\;C:\Windows\System32\OpenSSH\;C:\Program Files\nodejs\;C:\Program Files\Git\cmd;C:\Program Files\MySQL\MySQL Server 9.4\bin;C:\Program Files\Cloudflare\Cloudflare WARP\;C:\Program Files\dotnet\;C:\Program Files (x86)\Microsoft SQL Server\160\Tools\Binn\;C:\Program Files\Microsoft SQL Server\160\Tools\Binn\;C:\Program Files\Microsoft SQL Server\Client SDK\ODBC\170\Tools\Binn\;C:\Program Files\Microsoft SQL Server\160\DTS\Binn\;C:\Users\Admin\Downloads\apache-maven-3.9.11-bin\apache-maven-3.9.11\bin;C:\Program Files\Docker\Docker\resources\bin;C:\Users\Admin\Downloads\kotlinc\bin;C:\Users\Admin\AppData\Local\Android\Sdk\platform-tools;C:\Program Files\cursor\resources\app\bin;C:\Users\Admin\AppData\Local\Programs\Python\Launcher\;C:\Users\Admin\AppData\Local\Microsoft\WindowsApps;C:\Users\Admin\AppData\Local\Programs\Microsoft VS Code\bin;C:\Users\Admin\AppData\Local\Programs\cursor\resources\app\bin;C:\Users\Admin\AppData\Roaming\npm;C:\Program Files\JetBrains\IntelliJ IDEA 2025.1.4.1\bin;C:\Users\Admin\.dotnet\tools;C:\Users\Admin\Downloads\apache-maven-3.9.11-bin\apache-maven-3.9.11\bin;C:\Users\Admin\.lmstudio\bin;C:\Users\Admin\.fly\bin;C:\Users\Admin\Downloads\kotlinc\bin;
USERNAME=Admin
OS=Windows_NT
PROCESSOR_IDENTIFIER=AMD64 Family 25 Model 68 Stepping 1, AuthenticAMD
TMP=C:\Users\Admin\AppData\Local\Temp
TEMP=C:\Users\Admin\AppData\Local\Temp




Periodic native trim disabled

JNI global refs:
JNI global refs: 13, weak refs: 7

JNI global refs memory usage: 835, weak refs: 833

Process memory usage:
Resident Set Size: 585188K (3% of 15930392K total physical memory with 691488K free physical memory)

OOME stack traces (most recent first):
Classloader memory used:
Loader jdk.internal.loader.ClassLoaders$AppClassLoader                                 : 57304K
Loader bootstrap                                                                       : 11371K
Loader java.net.URLClassLoader                                                         : 364K

---------------  S Y S T E M  ---------------

OS:
 Windows 11 , 64 bit Build 26100 (10.0.26100.7309)
OS uptime: 0 days 6:26 hours
Hyper-V role detected

CPU: total 12 (initial active 12) (12 cores per cpu, 2 threads per core) family 25 model 68 stepping 1 microcode 0xa404105, cx8, cmov, fxsr, ht, mmx, 3dnowpref, sse, sse2, sse3, ssse3, sse4a, sse4.1, sse4.2, popcnt, lzcnt, tsc, tscinvbit, avx, avx2, aes, erms, clmul, bmi1, bmi2, adx, sha, fma, vzeroupper, clflush, clflushopt, hv, rdtscp, rdpid, fsrm, f16c, cet_ss
Processor Information for processor 0
  Max Mhz: 3301, Current Mhz: 3301, Mhz Limit: 3301
Processor Information for processor 1
  Max Mhz: 3301, Current Mhz: 3301, Mhz Limit: 3301
Processor Information for processor 2
  Max Mhz: 3301, Current Mhz: 2640, Mhz Limit: 3301
Processor Information for processor 3
  Max Mhz: 3301, Current Mhz: 3301, Mhz Limit: 3301
Processor Information for processor 4
  Max Mhz: 3301, Current Mhz: 3301, Mhz Limit: 3301
Processor Information for processor 5
  Max Mhz: 3301, Current Mhz: 3301, Mhz Limit: 3301
Processor Information for processor 6
  Max Mhz: 3301, Current Mhz: 2640, Mhz Limit: 3301
Processor Information for processor 7
  Max Mhz: 3301, Current Mhz: 3301, Mhz Limit: 3301
Processor Information for processor 8
  Max Mhz: 3301, Current Mhz: 3301, Mhz Limit: 3301
Processor Information for processor 9
  Max Mhz: 3301, Current Mhz: 2640, Mhz Limit: 3301
Processor Information for processor 10
  Max Mhz: 3301, Current Mhz: 2640, Mhz Limit: 3301
Processor Information for processor 11
  Max Mhz: 3301, Current Mhz: 3301, Mhz Limit: 3301

Memory: 4k page, system-wide physical 15557M (680M free)
TotalPageFile size 46127M (AvailPageFile size 19M)
current process WorkingSet (physical memory assigned to process): 571M, peak: 581M
current process commit charge ("private bytes"): 602M, peak: 637M

vm_info: OpenJDK 64-Bit Server VM (21.0.8+-14018985-b1038.68) for windows-amd64 JRE (21.0.8+-14018985-b1038.68), built on 2025-08-29T19:56:34Z by "builder" with MS VC++ 16.10 / 16.11 (VS2019)

END.
