#
# There is insufficient memory for the Java Runtime Environment to continue.
# Native memory allocation (malloc) failed to allocate 1067456 bytes. Error detail: Chunk::new
# Possible reasons:
#   The system is out of physical RAM or swap space
#   This process is running with CompressedOops enabled, and the Java Heap may be blocking the growth of the native heap
# Possible solutions:
#   Reduce memory load on the system
#   Increase physical memory or swap space
#   Check if swap backing store is full
#   Decrease Java heap size (-Xmx/-Xms)
#   Decrease number of Java threads
#   Decrease Java thread stack sizes (-Xss)
#   Set larger code cache with -XX:ReservedCodeCacheSize=
#   JVM is running with Zero Based Compressed Oops mode in which the Java heap is
#     placed in the first 32GB address space. The Java Heap base address is the
#     maximum limit for the native heap growth. Please use -XX:HeapBaseMinAddress
#     to set the Java Heap base and to place the Java Heap above 32GB virtual address.
# This output file may be truncated or incomplete.
#
#  Out of Memory Error (arena.cpp:168), pid=15840, tid=29236
#
# JRE version: OpenJDK Runtime Environment (21.0.8) (build 21.0.8+-14018985-b1038.68)
# Java VM: OpenJDK 64-Bit Server VM (21.0.8+-14018985-b1038.68, mixed mode, tiered, compressed oops, compressed class ptrs, g1 gc, windows-amd64)
# No core dump will be written. Minidumps are not enabled by default on client versions of Windows
#

---------------  S U M M A R Y ------------

Command Line: org.jetbrains.kotlin.cli.jvm.K2JVMCompiler @D:\Workspace\NutriCook\mobile\app\build\20251203_2479418188644321331.compiler.options

Host: AMD Ryzen 5 6600H with Radeon Graphics         , 12 cores, 15G,  Windows 11 , 64 bit Build 26100 (10.0.26100.7309)
Time: Wed Dec  3 11:01:53 2025 SE Asia Standard Time elapsed time: 12.755796 seconds (0d 0h 0m 12s)

---------------  T H R E A D  ---------------

Current thread (0x000001aeec77bd20):  JavaThread "C2 CompilerThread2" daemon [_thread_in_native, id=29236, stack(0x0000002460c00000,0x0000002460d00000) (1024K)]


Current CompileTask:
C2:12755 10620       4       org.jetbrains.kotlin.fir.resolve.dfa.FirDataFlowAnalyzer::mergeIncomingFlow (54 bytes)

Stack: [0x0000002460c00000,0x0000002460d00000]
Native frames: (J=compiled Java code, j=interpreted, Vv=VM code, C=native code)
V  [jvm.dll+0x6d68d9]
V  [jvm.dll+0x866693]
V  [jvm.dll+0x868c4e]
V  [jvm.dll+0x869333]
V  [jvm.dll+0x280566]
V  [jvm.dll+0xc07cd]
V  [jvm.dll+0xc0d03]
V  [jvm.dll+0x3b961b]
V  [jvm.dll+0x1dfd12]
V  [jvm.dll+0x2493a4]
V  [jvm.dll+0x248821]
V  [jvm.dll+0x1c73a4]
V  [jvm.dll+0x257f9e]
V  [jvm.dll+0x2564e6]
V  [jvm.dll+0x3f4696]
V  [jvm.dll+0x80eac8]
V  [jvm.dll+0x6d512d]
C  [ucrtbase.dll+0x37b0]
C  [KERNEL32.DLL+0x2e8d7]
C  [ntdll.dll+0x8c53c]


---------------  P R O C E S S  ---------------

Threads class SMR info:
_java_thread_list=0x000001aeec5d46e0, length=13, elements={
0x000001aec8bcda40, 0x000001aee5091100, 0x000001aee509a000, 0x000001aee509aa60,
0x000001aee509d7b0, 0x000001aee509c600, 0x000001aee50c1f00, 0x000001aee50c2570,
0x000001aee50c3300, 0x000001aee50b1590, 0x000001aee52795c0, 0x000001aeec751290,
0x000001aeec77bd20
}

Java Threads: ( => current thread )
  0x000001aec8bcda40 JavaThread "main"                              [_thread_in_Java, id=32508, stack(0x000000245f000000,0x000000245f100000) (1024K)]
  0x000001aee5091100 JavaThread "Common-Cleaner"             daemon [_thread_blocked, id=25716, stack(0x000000245f800000,0x000000245f900000) (1024K)]
  0x000001aee509a000 JavaThread "Reference Handler"          daemon [_thread_blocked, id=2524, stack(0x000000245f900000,0x000000245fa00000) (1024K)]
  0x000001aee509aa60 JavaThread "Finalizer"                  daemon [_thread_blocked, id=31720, stack(0x000000245fa00000,0x000000245fb00000) (1024K)]
  0x000001aee509d7b0 JavaThread "Signal Dispatcher"          daemon [_thread_blocked, id=25204, stack(0x000000245fb00000,0x000000245fc00000) (1024K)]
  0x000001aee509c600 JavaThread "Attach Listener"            daemon [_thread_blocked, id=32404, stack(0x000000245fc00000,0x000000245fd00000) (1024K)]
  0x000001aee50c1f00 JavaThread "Service Thread"             daemon [_thread_blocked, id=21956, stack(0x000000245fd00000,0x000000245fe00000) (1024K)]
  0x000001aee50c2570 JavaThread "Monitor Deflation Thread"   daemon [_thread_blocked, id=31288, stack(0x000000245fe00000,0x000000245ff00000) (1024K)]
  0x000001aee50c3300 JavaThread "C2 CompilerThread0"         daemon [_thread_blocked, id=31244, stack(0x000000245ff00000,0x0000002460000000) (1024K)]
  0x000001aee50b1590 JavaThread "C1 CompilerThread0"         daemon [_thread_blocked, id=10832, stack(0x0000002460000000,0x0000002460100000) (1024K)]
  0x000001aee52795c0 JavaThread "Notification Thread"        daemon [_thread_blocked, id=34328, stack(0x0000002460100000,0x0000002460200000) (1024K)]
  0x000001aeec751290 JavaThread "C2 CompilerThread1"         daemon [_thread_blocked, id=30176, stack(0x0000002460200000,0x0000002460300000) (1024K)]
=>0x000001aeec77bd20 JavaThread "C2 CompilerThread2"         daemon [_thread_in_native, id=29236, stack(0x0000002460c00000,0x0000002460d00000) (1024K)]
Total: 13

Other Threads:
  0x000001aec8bb0730 VMThread "VM Thread"                           [id=26280, stack(0x000000245f700000,0x000000245f800000) (1024K)]
  0x000001aee4e7f350 WatcherThread "VM Periodic Task Thread"        [id=10912, stack(0x000000245f600000,0x000000245f700000) (1024K)]
  0x000001aec8bb0ad0 WorkerThread "GC Thread#0"                     [id=3304, stack(0x000000245f100000,0x000000245f200000) (1024K)]
  0x000001aee586c2f0 WorkerThread "GC Thread#1"                     [id=14676, stack(0x0000002460300000,0x0000002460400000) (1024K)]
  0x000001aee586bbb0 WorkerThread "GC Thread#2"                     [id=22240, stack(0x0000002460400000,0x0000002460500000) (1024K)]
  0x000001aee586c690 WorkerThread "GC Thread#3"                     [id=10864, stack(0x0000002460500000,0x0000002460600000) (1024K)]
  0x000001aee586cdd0 WorkerThread "GC Thread#4"                     [id=9624, stack(0x0000002460600000,0x0000002460700000) (1024K)]
  0x000001aee586ad30 WorkerThread "GC Thread#5"                     [id=10964, stack(0x0000002460700000,0x0000002460800000) (1024K)]
  0x000001aee586b470 WorkerThread "GC Thread#6"                     [id=32512, stack(0x0000002460800000,0x0000002460900000) (1024K)]
  0x000001aee586d8b0 WorkerThread "GC Thread#7"                     [id=32884, stack(0x0000002460900000,0x0000002460a00000) (1024K)]
  0x000001aeea898890 WorkerThread "GC Thread#8"                     [id=21916, stack(0x0000002460d00000,0x0000002460e00000) (1024K)]
  0x000001aeea8967f0 WorkerThread "GC Thread#9"                     [id=32016, stack(0x0000002460e00000,0x0000002460f00000) (1024K)]
  0x000001aecaffd940 ConcurrentGCThread "G1 Main Marker"            [id=28060, stack(0x000000245f200000,0x000000245f300000) (1024K)]
  0x000001aec8bb1950 WorkerThread "G1 Conc#0"                       [id=10124, stack(0x000000245f300000,0x000000245f400000) (1024K)]
  0x000001aee586ca30 WorkerThread "G1 Conc#1"                       [id=24676, stack(0x0000002460a00000,0x0000002460b00000) (1024K)]
  0x000001aee586d170 WorkerThread "G1 Conc#2"                       [id=32852, stack(0x0000002460b00000,0x0000002460c00000) (1024K)]
  0x000001aee4d53200 ConcurrentGCThread "G1 Refine#0"               [id=32080, stack(0x000000245f400000,0x000000245f500000) (1024K)]
  0x000001aee4d53a20 ConcurrentGCThread "G1 Service"                [id=14096, stack(0x000000245f500000,0x000000245f600000) (1024K)]
Total: 18

Threads with active compile tasks:
C2 CompilerThread2  12784 10620       4       org.jetbrains.kotlin.fir.resolve.dfa.FirDataFlowAnalyzer::mergeIncomingFlow (54 bytes)
Total: 1

VM state: not at safepoint (normal execution)

VM Mutex/Monitor currently owned by a thread: None

Heap address: 0x000000070ce00000, size: 3890 MB, Compressed Oops mode: Zero based, Oop shift amount: 3

CDS archive(s) not mapped
Compressed class space mapped at: 0x0000000800000000-0x0000000840000000, reserved size: 1073741824
Narrow klass base: 0x0000000800000000, Narrow klass shift: 0, Narrow klass range: 0x40000000

GC Precious Log:
 CardTable entry size: 512
 Card Set container configuration: InlinePtr #cards 4 size 8 Array Of Cards #cards 16 size 48 Howl #buckets 8 coarsen threshold 3686 Howl Bitmap #cards 512 size 80 coarsen threshold 460 Card regions per heap region 1 cards per card region 4096
 CPUs: 12 total, 12 available
 Memory: 15557M
 Large Page Support: Disabled
 NUMA Support: Disabled
 Compressed Oops: Enabled (Zero based)
 Heap Region Size: 2M
 Heap Min Capacity: 8M
 Heap Initial Capacity: 244M
 Heap Max Capacity: 3890M
 Pre-touch: Disabled
 Parallel Workers: 10
 Concurrent Workers: 3
 Concurrent Refinement Workers: 10
 Periodic GC: Disabled

Heap:
 garbage-first heap   total 360448K, used 207157K [0x000000070ce00000, 0x0000000800000000)
  region size 2048K, 19 young (38912K), 8 survivors (16384K)
 Metaspace       used 63914K, committed 64256K, reserved 1114112K
  class space    used 7206K, committed 7360K, reserved 1048576K

Heap Regions: E=young(eden), S=young(survivor), O=old, HS=humongous(starts), HC=humongous(continues), CS=collection set, F=free, TAMS=top-at-mark-start, PB=parsable bottom
|   0|0x000000070ce00000, 0x000000070d000000, 0x000000070d000000|100%|HS|  |TAMS 0x000000070ce00000| PB 0x000000070ce00000| Complete 
|   1|0x000000070d000000, 0x000000070d200000, 0x000000070d200000|100%|HC|  |TAMS 0x000000070d000000| PB 0x000000070d000000| Complete 
|   2|0x000000070d200000, 0x000000070d400000, 0x000000070d400000|100%| O|  |TAMS 0x000000070d200000| PB 0x000000070d200000| Untracked 
|   3|0x000000070d400000, 0x000000070d600000, 0x000000070d600000|100%| O|  |TAMS 0x000000070d400000| PB 0x000000070d400000| Untracked 
|   4|0x000000070d600000, 0x000000070d800000, 0x000000070d800000|100%| O|  |TAMS 0x000000070d600000| PB 0x000000070d600000| Untracked 
|   5|0x000000070d800000, 0x000000070da00000, 0x000000070da00000|100%| O|  |TAMS 0x000000070d800000| PB 0x000000070d800000| Untracked 
|   6|0x000000070da00000, 0x000000070dc00000, 0x000000070dc00000|100%| O|  |TAMS 0x000000070da00000| PB 0x000000070da00000| Untracked 
|   7|0x000000070dc00000, 0x000000070de00000, 0x000000070de00000|100%| O|  |TAMS 0x000000070dc00000| PB 0x000000070dc00000| Untracked 
|   8|0x000000070de00000, 0x000000070e000000, 0x000000070e000000|100%| O|  |TAMS 0x000000070de00000| PB 0x000000070de00000| Untracked 
|   9|0x000000070e000000, 0x000000070e200000, 0x000000070e200000|100%| O|  |TAMS 0x000000070e000000| PB 0x000000070e000000| Untracked 
|  10|0x000000070e200000, 0x000000070e400000, 0x000000070e400000|100%| O|  |TAMS 0x000000070e200000| PB 0x000000070e200000| Untracked 
|  11|0x000000070e400000, 0x000000070e600000, 0x000000070e600000|100%| O|  |TAMS 0x000000070e400000| PB 0x000000070e400000| Untracked 
|  12|0x000000070e600000, 0x000000070e800000, 0x000000070e800000|100%| O|  |TAMS 0x000000070e600000| PB 0x000000070e600000| Untracked 
|  13|0x000000070e800000, 0x000000070ea00000, 0x000000070ea00000|100%| O|  |TAMS 0x000000070e800000| PB 0x000000070e800000| Untracked 
|  14|0x000000070ea00000, 0x000000070ec00000, 0x000000070ec00000|100%| O|  |TAMS 0x000000070ea00000| PB 0x000000070ea00000| Untracked 
|  15|0x000000070ec00000, 0x000000070ee00000, 0x000000070ee00000|100%| O|  |TAMS 0x000000070ec00000| PB 0x000000070ec00000| Untracked 
|  16|0x000000070ee00000, 0x000000070f000000, 0x000000070f000000|100%| O|  |TAMS 0x000000070ee00000| PB 0x000000070ee00000| Untracked 
|  17|0x000000070f000000, 0x000000070f200000, 0x000000070f200000|100%| O|  |TAMS 0x000000070f000000| PB 0x000000070f000000| Untracked 
|  18|0x000000070f200000, 0x000000070f400000, 0x000000070f400000|100%| O|  |TAMS 0x000000070f200000| PB 0x000000070f200000| Untracked 
|  19|0x000000070f400000, 0x000000070f600000, 0x000000070f600000|100%| O|  |TAMS 0x000000070f400000| PB 0x000000070f400000| Untracked 
|  20|0x000000070f600000, 0x000000070f800000, 0x000000070f800000|100%| O|  |TAMS 0x000000070f600000| PB 0x000000070f600000| Untracked 
|  21|0x000000070f800000, 0x000000070fa00000, 0x000000070fa00000|100%| O|  |TAMS 0x000000070f800000| PB 0x000000070f800000| Untracked 
|  22|0x000000070fa00000, 0x000000070fc00000, 0x000000070fc00000|100%| O|  |TAMS 0x000000070fa00000| PB 0x000000070fa00000| Untracked 
|  23|0x000000070fc00000, 0x000000070fe00000, 0x000000070fe00000|100%| O|  |TAMS 0x000000070fc00000| PB 0x000000070fc00000| Untracked 
|  24|0x000000070fe00000, 0x0000000710000000, 0x0000000710000000|100%| O|  |TAMS 0x000000070fe00000| PB 0x000000070fe00000| Untracked 
|  25|0x0000000710000000, 0x0000000710200000, 0x0000000710200000|100%| O|  |TAMS 0x0000000710000000| PB 0x0000000710000000| Untracked 
|  26|0x0000000710200000, 0x0000000710400000, 0x0000000710400000|100%| O|  |TAMS 0x0000000710200000| PB 0x0000000710200000| Untracked 
|  27|0x0000000710400000, 0x0000000710600000, 0x0000000710600000|100%| O|  |TAMS 0x0000000710400000| PB 0x0000000710400000| Untracked 
|  28|0x0000000710600000, 0x0000000710800000, 0x0000000710800000|100%| O|  |TAMS 0x0000000710600000| PB 0x0000000710600000| Untracked 
|  29|0x0000000710800000, 0x0000000710a00000, 0x0000000710a00000|100%| O|  |TAMS 0x0000000710800000| PB 0x0000000710800000| Untracked 
|  30|0x0000000710a00000, 0x0000000710c00000, 0x0000000710c00000|100%| O|  |TAMS 0x0000000710a00000| PB 0x0000000710a00000| Untracked 
|  31|0x0000000710c00000, 0x0000000710e00000, 0x0000000710e00000|100%| O|  |TAMS 0x0000000710c00000| PB 0x0000000710c00000| Untracked 
|  32|0x0000000710e00000, 0x0000000711000000, 0x0000000711000000|100%| O|  |TAMS 0x0000000710e00000| PB 0x0000000710e00000| Untracked 
|  33|0x0000000711000000, 0x0000000711200000, 0x0000000711200000|100%| O|  |TAMS 0x0000000711000000| PB 0x0000000711000000| Untracked 
|  34|0x0000000711200000, 0x0000000711400000, 0x0000000711400000|100%| O|  |TAMS 0x0000000711200000| PB 0x0000000711200000| Untracked 
|  35|0x0000000711400000, 0x0000000711600000, 0x0000000711600000|100%| O|  |TAMS 0x0000000711400000| PB 0x0000000711400000| Untracked 
|  36|0x0000000711600000, 0x0000000711800000, 0x0000000711800000|100%| O|  |TAMS 0x0000000711600000| PB 0x0000000711600000| Untracked 
|  37|0x0000000711800000, 0x0000000711a00000, 0x0000000711a00000|100%| O|  |TAMS 0x0000000711800000| PB 0x0000000711800000| Untracked 
|  38|0x0000000711a00000, 0x0000000711c00000, 0x0000000711c00000|100%| O|  |TAMS 0x0000000711a00000| PB 0x0000000711a00000| Untracked 
|  39|0x0000000711c00000, 0x0000000711e00000, 0x0000000711e00000|100%| O|  |TAMS 0x0000000711c00000| PB 0x0000000711c00000| Untracked 
|  40|0x0000000711e00000, 0x0000000712000000, 0x0000000712000000|100%| O|  |TAMS 0x0000000711e00000| PB 0x0000000711e00000| Untracked 
|  41|0x0000000712000000, 0x0000000712200000, 0x0000000712200000|100%| O|  |TAMS 0x0000000712000000| PB 0x0000000712000000| Untracked 
|  42|0x0000000712200000, 0x0000000712400000, 0x0000000712400000|100%| O|  |TAMS 0x0000000712200000| PB 0x0000000712200000| Untracked 
|  43|0x0000000712400000, 0x0000000712600000, 0x0000000712600000|100%| O|  |TAMS 0x0000000712400000| PB 0x0000000712400000| Untracked 
|  44|0x0000000712600000, 0x0000000712800000, 0x0000000712800000|100%| O|  |TAMS 0x0000000712600000| PB 0x0000000712600000| Untracked 
|  45|0x0000000712800000, 0x0000000712a00000, 0x0000000712a00000|100%| O|  |TAMS 0x0000000712800000| PB 0x0000000712800000| Untracked 
|  46|0x0000000712a00000, 0x0000000712c00000, 0x0000000712c00000|100%| O|  |TAMS 0x0000000712a00000| PB 0x0000000712a00000| Untracked 
|  47|0x0000000712c00000, 0x0000000712e00000, 0x0000000712e00000|100%| O|  |TAMS 0x0000000712c00000| PB 0x0000000712c00000| Untracked 
|  48|0x0000000712e00000, 0x0000000713000000, 0x0000000713000000|100%| O|  |TAMS 0x0000000712e00000| PB 0x0000000712e00000| Untracked 
|  49|0x0000000713000000, 0x0000000713200000, 0x0000000713200000|100%| O|  |TAMS 0x0000000713000000| PB 0x0000000713000000| Untracked 
|  50|0x0000000713200000, 0x0000000713400000, 0x0000000713400000|100%| O|  |TAMS 0x0000000713200000| PB 0x0000000713200000| Untracked 
|  51|0x0000000713400000, 0x0000000713600000, 0x0000000713600000|100%| O|  |TAMS 0x0000000713400000| PB 0x0000000713400000| Untracked 
|  52|0x0000000713600000, 0x0000000713800000, 0x0000000713800000|100%| O|  |TAMS 0x0000000713600000| PB 0x0000000713600000| Untracked 
|  53|0x0000000713800000, 0x0000000713a00000, 0x0000000713a00000|100%| O|  |TAMS 0x0000000713800000| PB 0x0000000713800000| Untracked 
|  54|0x0000000713a00000, 0x0000000713c00000, 0x0000000713c00000|100%| O|  |TAMS 0x0000000713a00000| PB 0x0000000713a00000| Untracked 
|  55|0x0000000713c00000, 0x0000000713e00000, 0x0000000713e00000|100%| O|  |TAMS 0x0000000713c00000| PB 0x0000000713c00000| Untracked 
|  56|0x0000000713e00000, 0x0000000714000000, 0x0000000714000000|100%| O|  |TAMS 0x0000000713e00000| PB 0x0000000713e00000| Untracked 
|  57|0x0000000714000000, 0x0000000714200000, 0x0000000714200000|100%| O|  |TAMS 0x0000000714000000| PB 0x0000000714000000| Untracked 
|  58|0x0000000714200000, 0x0000000714400000, 0x0000000714400000|100%| O|  |TAMS 0x0000000714200000| PB 0x0000000714200000| Untracked 
|  59|0x0000000714400000, 0x0000000714600000, 0x0000000714600000|100%| O|  |TAMS 0x0000000714400000| PB 0x0000000714400000| Untracked 
|  60|0x0000000714600000, 0x0000000714800000, 0x0000000714800000|100%| O|  |TAMS 0x0000000714600000| PB 0x0000000714600000| Untracked 
|  61|0x0000000714800000, 0x0000000714a00000, 0x0000000714a00000|100%| O|  |TAMS 0x0000000714800000| PB 0x0000000714800000| Untracked 
|  62|0x0000000714a00000, 0x0000000714c00000, 0x0000000714c00000|100%| O|  |TAMS 0x0000000714a00000| PB 0x0000000714a00000| Untracked 
|  63|0x0000000714c00000, 0x0000000714e00000, 0x0000000714e00000|100%| O|  |TAMS 0x0000000714c00000| PB 0x0000000714c00000| Untracked 
|  64|0x0000000714e00000, 0x0000000715000000, 0x0000000715000000|100%| O|Cm|TAMS 0x0000000714e00000| PB 0x0000000714e00000| Complete 
|  65|0x0000000715000000, 0x0000000715200000, 0x0000000715200000|100%| O|Cm|TAMS 0x0000000715000000| PB 0x0000000715000000| Complete 
|  66|0x0000000715200000, 0x0000000715400000, 0x0000000715400000|100%| O|  |TAMS 0x0000000715200000| PB 0x0000000715200000| Untracked 
|  67|0x0000000715400000, 0x0000000715600000, 0x0000000715600000|100%| O|  |TAMS 0x0000000715400000| PB 0x0000000715400000| Untracked 
|  68|0x0000000715600000, 0x0000000715800000, 0x0000000715800000|100%| O|  |TAMS 0x0000000715600000| PB 0x0000000715600000| Untracked 
|  69|0x0000000715800000, 0x0000000715a00000, 0x0000000715a00000|100%| O|  |TAMS 0x0000000715800000| PB 0x0000000715800000| Untracked 
|  70|0x0000000715a00000, 0x0000000715c00000, 0x0000000715c00000|100%| O|  |TAMS 0x0000000715a00000| PB 0x0000000715a00000| Untracked 
|  71|0x0000000715c00000, 0x0000000715e00000, 0x0000000715e00000|100%| O|  |TAMS 0x0000000715c00000| PB 0x0000000715c00000| Untracked 
|  72|0x0000000715e00000, 0x0000000716000000, 0x0000000716000000|100%| O|  |TAMS 0x0000000715e00000| PB 0x0000000715e00000| Untracked 
|  73|0x0000000716000000, 0x0000000716200000, 0x0000000716200000|100%| O|  |TAMS 0x0000000716000000| PB 0x0000000716000000| Untracked 
|  74|0x0000000716200000, 0x0000000716400000, 0x0000000716400000|100%| O|  |TAMS 0x0000000716200000| PB 0x0000000716200000| Untracked 
|  75|0x0000000716400000, 0x0000000716600000, 0x0000000716600000|100%| O|  |TAMS 0x0000000716400000| PB 0x0000000716400000| Untracked 
|  76|0x0000000716600000, 0x0000000716800000, 0x0000000716800000|100%| O|  |TAMS 0x0000000716600000| PB 0x0000000716600000| Untracked 
|  77|0x0000000716800000, 0x0000000716a00000, 0x0000000716a00000|100%| O|  |TAMS 0x0000000716800000| PB 0x0000000716800000| Untracked 
|  78|0x0000000716a00000, 0x0000000716c00000, 0x0000000716c00000|100%| O|  |TAMS 0x0000000716a00000| PB 0x0000000716a00000| Untracked 
|  79|0x0000000716c00000, 0x0000000716e00000, 0x0000000716e00000|100%| O|  |TAMS 0x0000000716c00000| PB 0x0000000716c00000| Untracked 
|  80|0x0000000716e00000, 0x0000000717000000, 0x0000000717000000|100%| O|  |TAMS 0x0000000716e00000| PB 0x0000000716e00000| Untracked 
|  81|0x0000000717000000, 0x0000000717200000, 0x0000000717200000|100%| O|  |TAMS 0x0000000717000000| PB 0x0000000717000000| Untracked 
|  82|0x0000000717200000, 0x0000000717270ee0, 0x0000000717400000| 22%| O|  |TAMS 0x0000000717200000| PB 0x0000000717200000| Untracked 
|  83|0x0000000717400000, 0x0000000717400000, 0x0000000717600000|  0%| F|  |TAMS 0x0000000717400000| PB 0x0000000717400000| Untracked 
|  84|0x0000000717600000, 0x0000000717600000, 0x0000000717800000|  0%| F|  |TAMS 0x0000000717600000| PB 0x0000000717600000| Untracked 
|  85|0x0000000717800000, 0x0000000717800000, 0x0000000717a00000|  0%| F|  |TAMS 0x0000000717800000| PB 0x0000000717800000| Untracked 
|  86|0x0000000717a00000, 0x0000000717a00000, 0x0000000717c00000|  0%| F|  |TAMS 0x0000000717a00000| PB 0x0000000717a00000| Untracked 
|  87|0x0000000717c00000, 0x0000000717c00000, 0x0000000717e00000|  0%| F|  |TAMS 0x0000000717c00000| PB 0x0000000717c00000| Untracked 
|  88|0x0000000717e00000, 0x0000000717e00000, 0x0000000718000000|  0%| F|  |TAMS 0x0000000717e00000| PB 0x0000000717e00000| Untracked 
|  89|0x0000000718000000, 0x0000000718000000, 0x0000000718200000|  0%| F|  |TAMS 0x0000000718000000| PB 0x0000000718000000| Untracked 
|  90|0x0000000718200000, 0x0000000718200000, 0x0000000718400000|  0%| F|  |TAMS 0x0000000718200000| PB 0x0000000718200000| Untracked 
|  91|0x0000000718400000, 0x0000000718400000, 0x0000000718600000|  0%| F|  |TAMS 0x0000000718400000| PB 0x0000000718400000| Untracked 
|  92|0x0000000718600000, 0x0000000718600000, 0x0000000718800000|  0%| F|  |TAMS 0x0000000718600000| PB 0x0000000718600000| Untracked 
|  93|0x0000000718800000, 0x0000000718800000, 0x0000000718a00000|  0%| F|  |TAMS 0x0000000718800000| PB 0x0000000718800000| Untracked 
|  94|0x0000000718a00000, 0x0000000718a00000, 0x0000000718c00000|  0%| F|  |TAMS 0x0000000718a00000| PB 0x0000000718a00000| Untracked 
|  95|0x0000000718c00000, 0x0000000718c00000, 0x0000000718e00000|  0%| F|  |TAMS 0x0000000718c00000| PB 0x0000000718c00000| Untracked 
|  96|0x0000000718e00000, 0x0000000718e00000, 0x0000000719000000|  0%| F|  |TAMS 0x0000000718e00000| PB 0x0000000718e00000| Untracked 
|  97|0x0000000719000000, 0x0000000719000000, 0x0000000719200000|  0%| F|  |TAMS 0x0000000719000000| PB 0x0000000719000000| Untracked 
|  98|0x0000000719200000, 0x0000000719200000, 0x0000000719400000|  0%| F|  |TAMS 0x0000000719200000| PB 0x0000000719200000| Untracked 
|  99|0x0000000719400000, 0x0000000719400000, 0x0000000719600000|  0%| F|  |TAMS 0x0000000719400000| PB 0x0000000719400000| Untracked 
| 100|0x0000000719600000, 0x0000000719600000, 0x0000000719800000|  0%| F|  |TAMS 0x0000000719600000| PB 0x0000000719600000| Untracked 
| 101|0x0000000719800000, 0x0000000719800000, 0x0000000719a00000|  0%| F|  |TAMS 0x0000000719800000| PB 0x0000000719800000| Untracked 
| 102|0x0000000719a00000, 0x0000000719a00000, 0x0000000719c00000|  0%| F|  |TAMS 0x0000000719a00000| PB 0x0000000719a00000| Untracked 
| 103|0x0000000719c00000, 0x0000000719c00000, 0x0000000719e00000|  0%| F|  |TAMS 0x0000000719c00000| PB 0x0000000719c00000| Untracked 
| 104|0x0000000719e00000, 0x0000000719e00000, 0x000000071a000000|  0%| F|  |TAMS 0x0000000719e00000| PB 0x0000000719e00000| Untracked 
| 105|0x000000071a000000, 0x000000071a000000, 0x000000071a200000|  0%| F|  |TAMS 0x000000071a000000| PB 0x000000071a000000| Untracked 
| 106|0x000000071a200000, 0x000000071a200000, 0x000000071a400000|  0%| F|  |TAMS 0x000000071a200000| PB 0x000000071a200000| Untracked 
| 107|0x000000071a400000, 0x000000071a400000, 0x000000071a600000|  0%| F|  |TAMS 0x000000071a400000| PB 0x000000071a400000| Untracked 
| 108|0x000000071a600000, 0x000000071a600000, 0x000000071a800000|  0%| F|  |TAMS 0x000000071a600000| PB 0x000000071a600000| Untracked 
| 109|0x000000071a800000, 0x000000071a9dc820, 0x000000071aa00000| 93%| S|CS|TAMS 0x000000071a800000| PB 0x000000071a800000| Complete 
| 110|0x000000071aa00000, 0x000000071ac00000, 0x000000071ac00000|100%| S|CS|TAMS 0x000000071aa00000| PB 0x000000071aa00000| Complete 
| 111|0x000000071ac00000, 0x000000071ae00000, 0x000000071ae00000|100%| S|CS|TAMS 0x000000071ac00000| PB 0x000000071ac00000| Complete 
| 112|0x000000071ae00000, 0x000000071b000000, 0x000000071b000000|100%| S|CS|TAMS 0x000000071ae00000| PB 0x000000071ae00000| Complete 
| 113|0x000000071b000000, 0x000000071b200000, 0x000000071b200000|100%| S|CS|TAMS 0x000000071b000000| PB 0x000000071b000000| Complete 
| 114|0x000000071b200000, 0x000000071b400000, 0x000000071b400000|100%| S|CS|TAMS 0x000000071b200000| PB 0x000000071b200000| Complete 
| 115|0x000000071b400000, 0x000000071b600000, 0x000000071b600000|100%| S|CS|TAMS 0x000000071b400000| PB 0x000000071b400000| Complete 
| 116|0x000000071b600000, 0x000000071b800000, 0x000000071b800000|100%| S|CS|TAMS 0x000000071b600000| PB 0x000000071b600000| Complete 
| 117|0x000000071b800000, 0x000000071b800000, 0x000000071ba00000|  0%| F|  |TAMS 0x000000071b800000| PB 0x000000071b800000| Untracked 
| 118|0x000000071ba00000, 0x000000071ba00000, 0x000000071bc00000|  0%| F|  |TAMS 0x000000071ba00000| PB 0x000000071ba00000| Untracked 
| 119|0x000000071bc00000, 0x000000071bc00000, 0x000000071be00000|  0%| F|  |TAMS 0x000000071bc00000| PB 0x000000071bc00000| Untracked 
| 120|0x000000071be00000, 0x000000071be00000, 0x000000071c000000|  0%| F|  |TAMS 0x000000071be00000| PB 0x000000071be00000| Untracked 
| 121|0x000000071c000000, 0x000000071c000000, 0x000000071c200000|  0%| F|  |TAMS 0x000000071c000000| PB 0x000000071c000000| Untracked 
| 122|0x000000071c200000, 0x000000071c200000, 0x000000071c400000|  0%| F|  |TAMS 0x000000071c200000| PB 0x000000071c200000| Untracked 
| 123|0x000000071c400000, 0x000000071c400000, 0x000000071c600000|  0%| F|  |TAMS 0x000000071c400000| PB 0x000000071c400000| Untracked 
| 124|0x000000071c600000, 0x000000071c600000, 0x000000071c800000|  0%| F|  |TAMS 0x000000071c600000| PB 0x000000071c600000| Untracked 
| 125|0x000000071c800000, 0x000000071c800000, 0x000000071ca00000|  0%| F|  |TAMS 0x000000071c800000| PB 0x000000071c800000| Untracked 
| 126|0x000000071ca00000, 0x000000071ca00000, 0x000000071cc00000|  0%| F|  |TAMS 0x000000071ca00000| PB 0x000000071ca00000| Untracked 
| 127|0x000000071cc00000, 0x000000071cc00000, 0x000000071ce00000|  0%| F|  |TAMS 0x000000071cc00000| PB 0x000000071cc00000| Untracked 
| 128|0x000000071ce00000, 0x000000071ce00000, 0x000000071d000000|  0%| F|  |TAMS 0x000000071ce00000| PB 0x000000071ce00000| Untracked 
| 129|0x000000071d000000, 0x000000071d000000, 0x000000071d200000|  0%| F|  |TAMS 0x000000071d000000| PB 0x000000071d000000| Untracked 
| 130|0x000000071d200000, 0x000000071d200000, 0x000000071d400000|  0%| F|  |TAMS 0x000000071d200000| PB 0x000000071d200000| Untracked 
| 131|0x000000071d400000, 0x000000071d400000, 0x000000071d600000|  0%| F|  |TAMS 0x000000071d400000| PB 0x000000071d400000| Untracked 
| 132|0x000000071d600000, 0x000000071d600000, 0x000000071d800000|  0%| F|  |TAMS 0x000000071d600000| PB 0x000000071d600000| Untracked 
| 133|0x000000071d800000, 0x000000071d800000, 0x000000071da00000|  0%| F|  |TAMS 0x000000071d800000| PB 0x000000071d800000| Untracked 
| 134|0x000000071da00000, 0x000000071da00000, 0x000000071dc00000|  0%| F|  |TAMS 0x000000071da00000| PB 0x000000071da00000| Untracked 
| 135|0x000000071dc00000, 0x000000071dc00000, 0x000000071de00000|  0%| F|  |TAMS 0x000000071dc00000| PB 0x000000071dc00000| Untracked 
| 136|0x000000071de00000, 0x000000071de00000, 0x000000071e000000|  0%| F|  |TAMS 0x000000071de00000| PB 0x000000071de00000| Untracked 
| 137|0x000000071e000000, 0x000000071e000000, 0x000000071e200000|  0%| F|  |TAMS 0x000000071e000000| PB 0x000000071e000000| Untracked 
| 138|0x000000071e200000, 0x000000071e200000, 0x000000071e400000|  0%| F|  |TAMS 0x000000071e200000| PB 0x000000071e200000| Untracked 
| 139|0x000000071e400000, 0x000000071e400000, 0x000000071e600000|  0%| F|  |TAMS 0x000000071e400000| PB 0x000000071e400000| Untracked 
| 140|0x000000071e600000, 0x000000071e600000, 0x000000071e800000|  0%| F|  |TAMS 0x000000071e600000| PB 0x000000071e600000| Untracked 
| 141|0x000000071e800000, 0x000000071e800000, 0x000000071ea00000|  0%| F|  |TAMS 0x000000071e800000| PB 0x000000071e800000| Untracked 
| 142|0x000000071ea00000, 0x000000071ea00000, 0x000000071ec00000|  0%| F|  |TAMS 0x000000071ea00000| PB 0x000000071ea00000| Untracked 
| 143|0x000000071ec00000, 0x000000071ec00000, 0x000000071ee00000|  0%| F|  |TAMS 0x000000071ec00000| PB 0x000000071ec00000| Untracked 
| 144|0x000000071ee00000, 0x000000071ee00000, 0x000000071f000000|  0%| F|  |TAMS 0x000000071ee00000| PB 0x000000071ee00000| Untracked 
| 145|0x000000071f000000, 0x000000071f000000, 0x000000071f200000|  0%| F|  |TAMS 0x000000071f000000| PB 0x000000071f000000| Untracked 
| 146|0x000000071f200000, 0x000000071f200000, 0x000000071f400000|  0%| F|  |TAMS 0x000000071f200000| PB 0x000000071f200000| Untracked 
| 147|0x000000071f400000, 0x000000071f400000, 0x000000071f600000|  0%| F|  |TAMS 0x000000071f400000| PB 0x000000071f400000| Untracked 
| 148|0x000000071f600000, 0x000000071f600000, 0x000000071f800000|  0%| F|  |TAMS 0x000000071f600000| PB 0x000000071f600000| Untracked 
| 149|0x000000071f800000, 0x000000071f800000, 0x000000071fa00000|  0%| F|  |TAMS 0x000000071f800000| PB 0x000000071f800000| Untracked 
| 150|0x000000071fa00000, 0x000000071fa00000, 0x000000071fc00000|  0%| F|  |TAMS 0x000000071fa00000| PB 0x000000071fa00000| Untracked 
| 151|0x000000071fc00000, 0x000000071fc00000, 0x000000071fe00000|  0%| F|  |TAMS 0x000000071fc00000| PB 0x000000071fc00000| Untracked 
| 152|0x000000071fe00000, 0x000000071fe00000, 0x0000000720000000|  0%| F|  |TAMS 0x000000071fe00000| PB 0x000000071fe00000| Untracked 
| 153|0x0000000720000000, 0x0000000720000000, 0x0000000720200000|  0%| F|  |TAMS 0x0000000720000000| PB 0x0000000720000000| Untracked 
| 154|0x0000000720200000, 0x0000000720200000, 0x0000000720400000|  0%| F|  |TAMS 0x0000000720200000| PB 0x0000000720200000| Untracked 
| 155|0x0000000720400000, 0x0000000720400000, 0x0000000720600000|  0%| F|  |TAMS 0x0000000720400000| PB 0x0000000720400000| Untracked 
| 156|0x0000000720600000, 0x0000000720600000, 0x0000000720800000|  0%| F|  |TAMS 0x0000000720600000| PB 0x0000000720600000| Untracked 
| 157|0x0000000720800000, 0x0000000720800000, 0x0000000720a00000|  0%| F|  |TAMS 0x0000000720800000| PB 0x0000000720800000| Untracked 
| 158|0x0000000720a00000, 0x0000000720a00000, 0x0000000720c00000|  0%| F|  |TAMS 0x0000000720a00000| PB 0x0000000720a00000| Untracked 
| 159|0x0000000720c00000, 0x0000000720c00000, 0x0000000720e00000|  0%| F|  |TAMS 0x0000000720c00000| PB 0x0000000720c00000| Untracked 
| 160|0x0000000720e00000, 0x0000000720e00000, 0x0000000721000000|  0%| F|  |TAMS 0x0000000720e00000| PB 0x0000000720e00000| Untracked 
| 161|0x0000000721000000, 0x0000000721000000, 0x0000000721200000|  0%| F|  |TAMS 0x0000000721000000| PB 0x0000000721000000| Untracked 
| 162|0x0000000721200000, 0x0000000721200000, 0x0000000721400000|  0%| F|  |TAMS 0x0000000721200000| PB 0x0000000721200000| Untracked 
| 163|0x0000000721400000, 0x0000000721400000, 0x0000000721600000|  0%| F|  |TAMS 0x0000000721400000| PB 0x0000000721400000| Untracked 
| 164|0x0000000721600000, 0x0000000721800000, 0x0000000721800000|100%| E|  |TAMS 0x0000000721600000| PB 0x0000000721600000| Complete 
| 165|0x0000000721800000, 0x0000000721a00000, 0x0000000721a00000|100%| E|CS|TAMS 0x0000000721800000| PB 0x0000000721800000| Complete 
| 166|0x0000000721a00000, 0x0000000721c00000, 0x0000000721c00000|100%| E|CS|TAMS 0x0000000721a00000| PB 0x0000000721a00000| Complete 
| 167|0x0000000721c00000, 0x0000000721e00000, 0x0000000721e00000|100%| E|CS|TAMS 0x0000000721c00000| PB 0x0000000721c00000| Complete 
| 168|0x0000000721e00000, 0x0000000722000000, 0x0000000722000000|100%| E|CS|TAMS 0x0000000721e00000| PB 0x0000000721e00000| Complete 
| 169|0x0000000722000000, 0x0000000722200000, 0x0000000722200000|100%| E|CS|TAMS 0x0000000722000000| PB 0x0000000722000000| Complete 
| 170|0x0000000722200000, 0x0000000722400000, 0x0000000722400000|100%| E|CS|TAMS 0x0000000722200000| PB 0x0000000722200000| Complete 
| 171|0x0000000722400000, 0x0000000722600000, 0x0000000722600000|100%| E|CS|TAMS 0x0000000722400000| PB 0x0000000722400000| Complete 
| 172|0x0000000722600000, 0x0000000722800000, 0x0000000722800000|100%| E|CS|TAMS 0x0000000722600000| PB 0x0000000722600000| Complete 
| 173|0x0000000722800000, 0x0000000722a00000, 0x0000000722a00000|100%| E|CS|TAMS 0x0000000722800000| PB 0x0000000722800000| Complete 
| 174|0x0000000722a00000, 0x0000000722c00000, 0x0000000722c00000|100%| E|CS|TAMS 0x0000000722a00000| PB 0x0000000722a00000| Complete 
|1944|0x00000007ffe00000, 0x0000000800000000, 0x0000000800000000|100%| O|  |TAMS 0x00000007ffe00000| PB 0x00000007ffe00000| Untracked 

Card table byte_map: [0x000001aeddde0000,0x000001aede580000] _byte_map_base: 0x000001aeda579000

Marking Bits: (CMBitMap*) 0x000001aecafedd50
 Bits: [0x000001aede580000, 0x000001aee2248000)

Polling page: 0x000001aec8d30000

Metaspace:

Usage:
  Non-class:     55.38 MB used.
      Class:      7.04 MB used.
       Both:     62.42 MB used.

Virtual space:
  Non-class space:       64.00 MB reserved,      55.56 MB ( 87%) committed,  1 nodes.
      Class space:        1.00 GB reserved,       7.19 MB ( <1%) committed,  1 nodes.
             Both:        1.06 GB reserved,      62.75 MB (  6%) committed. 

Chunk freelists:
   Non-Class:  7.61 MB
       Class:  8.86 MB
        Both:  16.47 MB

MaxMetaspaceSize: unlimited
CompressedClassSpaceSize: 1.00 GB
Initial GC threshold: 21.00 MB
Current GC threshold: 90.25 MB
CDS: off
 - commit_granule_bytes: 65536.
 - commit_granule_words: 8192.
 - virtual_space_node_default_size: 8388608.
 - enlarge_chunks_in_place: 1.
 - use_allocation_guard: 0.


Internal statistics:

num_allocs_failed_limit: 3.
num_arena_births: 288.
num_arena_deaths: 0.
num_vsnodes_births: 2.
num_vsnodes_deaths: 0.
num_space_committed: 1002.
num_space_uncommitted: 0.
num_chunks_returned_to_freelist: 3.
num_chunks_taken_from_freelist: 2211.
num_chunk_merges: 3.
num_chunk_splits: 1852.
num_chunks_enlarged: 1677.
num_inconsistent_stats: 0.

CodeHeap 'non-profiled nmethods': size=120000Kb used=7771Kb max_used=7771Kb free=112228Kb
 bounds [0x000001aed5bb0000, 0x000001aed6350000, 0x000001aedd0e0000]
CodeHeap 'profiled nmethods': size=120000Kb used=34145Kb max_used=34145Kb free=85854Kb
 bounds [0x000001aece0e0000, 0x000001aed0240000, 0x000001aed5610000]
CodeHeap 'non-nmethods': size=5760Kb used=1642Kb max_used=1698Kb free=4117Kb
 bounds [0x000001aed5610000, 0x000001aed5880000, 0x000001aed5bb0000]
CodeCache: size=245760Kb, used=43558Kb, max_used=43614Kb, free=202199Kb
 total_blobs=11043, nmethods=10357, adapters=589, full_count=0
Compilation: enabled, stopped_count=0, restarted_count=0

Compilation events (20 events):
Event: 12.697 Thread 0x000001aeec751290 10707       4       org.jetbrains.kotlin.resolve.calls.inference.model.NewConstraintSystemImpl::asCapturedType (21 bytes)
Event: 12.698 Thread 0x000001aee50b1590 nmethod 10706 0x000001aed0214190 code [0x000001aed0214440, 0x000001aed0214ec8]
Event: 12.698 Thread 0x000001aee50b1590 10709       3       org.jetbrains.kotlin.fir.types.ConeAttributes::remove (145 bytes)
Event: 12.698 Thread 0x000001aeec751290 nmethod 10707 0x000001aed633f390 code [0x000001aed633f520, 0x000001aed633f618]
Event: 12.698 Thread 0x000001aeec751290 10708       4       java.util.concurrent.ConcurrentHashMap$Traverser::advance (188 bytes)
Event: 12.699 Thread 0x000001aee50b1590 nmethod 10709 0x000001aed0215290 code [0x000001aed0215640, 0x000001aed0217160]
Event: 12.702 Thread 0x000001aeec751290 nmethod 10708 0x000001aed633f790 code [0x000001aed633f940, 0x000001aed633fca8]
Event: 12.703 Thread 0x000001aee50c3300 nmethod 10626 0x000001aed633fe10 code [0x000001aed6340280, 0x000001aed63436f8]
Event: 12.717 Thread 0x000001aee50b1590 10710       3       kotlin.collections.ArraysKt___ArraysKt::last (37 bytes)
Event: 12.718 Thread 0x000001aee50b1590 nmethod 10710 0x000001aed0217a90 code [0x000001aed0217d40, 0x000001aed0218928]
Event: 12.720 Thread 0x000001aee50b1590 10711       3       org.jetbrains.kotlin.fir.expressions.impl.FirDelegatedConstructorCallImpl::setCalleeReference (12 bytes)
Event: 12.720 Thread 0x000001aee50b1590 nmethod 10711 0x000001aed0218d90 code [0x000001aed0218fc0, 0x000001aed02195d0]
Event: 12.721 Thread 0x000001aeec751290 10712       4       org.jetbrains.kotlin.fir.resolve.calls.tower.FirBaseTowerResolveTask::access$processLevel (12 bytes)
Event: 12.722 Thread 0x000001aeec751290 nmethod 10712 0x000001aed6344b90 code [0x000001aed6344d20, 0x000001aed6344de0]
Event: 12.740 Thread 0x000001aee50c3300 10713       4       org.jetbrains.kotlin.fir.resolve.dfa.StackKt::topOrNull (22 bytes)
Event: 12.742 Thread 0x000001aee50c3300 nmethod 10713 0x000001aed6344e90 code [0x000001aed6345020, 0x000001aed6345198]
Event: 12.751 Thread 0x000001aee50b1590 10714       3       org.jetbrains.kotlin.fir.declarations.impl.FirPropertyImpl::transformInitializer (10 bytes)
Event: 12.752 Thread 0x000001aee50b1590 nmethod 10714 0x000001aed0219810 code [0x000001aed0219a60, 0x000001aed021a360]
Event: 12.752 Thread 0x000001aee50b1590 10715   !   3       org.jetbrains.kotlin.fir.resolve.transformers.body.resolve.FirDeclarationsResolveTransformer::transformBackingField (364 bytes)
Event: 12.753 Thread 0x000001aee50c3300 10717       4       org.jetbrains.kotlin.fir.java.FirJavaVisibilityChecker::platformVisibilityCheck (299 bytes)

GC Heap History (20 events):
Event: 3.064 GC heap before
{Heap before GC invocations=11 (full 0):
 garbage-first heap   total 49152K, used 40913K [0x000000070ce00000, 0x0000000800000000)
  region size 2048K, 7 young (14336K), 1 survivors (2048K)
 Metaspace       used 37535K, committed 37696K, reserved 1114112K
  class space    used 4596K, committed 4672K, reserved 1048576K
}
Event: 3.069 GC heap after
{Heap after GC invocations=12 (full 0):
 garbage-first heap   total 149504K, used 28950K [0x000000070ce00000, 0x0000000800000000)
  region size 2048K, 1 young (2048K), 1 survivors (2048K)
 Metaspace       used 37535K, committed 37696K, reserved 1114112K
  class space    used 4596K, committed 4672K, reserved 1048576K
}
Event: 5.213 GC heap before
{Heap before GC invocations=12 (full 0):
 garbage-first heap   total 149504K, used 112918K [0x000000070ce00000, 0x0000000800000000)
  region size 2048K, 43 young (88064K), 1 survivors (2048K)
 Metaspace       used 44426K, committed 44608K, reserved 1114112K
  class space    used 5218K, committed 5312K, reserved 1048576K
}
Event: 5.241 GC heap after
{Heap after GC invocations=13 (full 0):
 garbage-first heap   total 149504K, used 49909K [0x000000070ce00000, 0x0000000800000000)
  region size 2048K, 6 young (12288K), 6 survivors (12288K)
 Metaspace       used 44426K, committed 44608K, reserved 1114112K
  class space    used 5218K, committed 5312K, reserved 1048576K
}
Event: 5.288 GC heap before
{Heap before GC invocations=13 (full 0):
 garbage-first heap   total 149504K, used 51957K [0x000000070ce00000, 0x0000000800000000)
  region size 2048K, 7 young (14336K), 6 survivors (12288K)
 Metaspace       used 44428K, committed 44608K, reserved 1114112K
  class space    used 5218K, committed 5312K, reserved 1048576K
}
Event: 5.302 GC heap after
{Heap after GC invocations=14 (full 0):
 garbage-first heap   total 149504K, used 51982K [0x000000070ce00000, 0x0000000800000000)
  region size 2048K, 1 young (2048K), 1 survivors (2048K)
 Metaspace       used 44428K, committed 44608K, reserved 1114112K
  class space    used 5218K, committed 5312K, reserved 1048576K
}
Event: 6.082 GC heap before
{Heap before GC invocations=14 (full 0):
 garbage-first heap   total 149504K, used 99086K [0x000000070ce00000, 0x0000000800000000)
  region size 2048K, 24 young (49152K), 1 survivors (2048K)
 Metaspace       used 44605K, committed 44864K, reserved 1114112K
  class space    used 5221K, committed 5312K, reserved 1048576K
}
Event: 6.100 GC heap after
{Heap after GC invocations=15 (full 0):
 garbage-first heap   total 149504K, used 66262K [0x000000070ce00000, 0x0000000800000000)
  region size 2048K, 3 young (6144K), 3 survivors (6144K)
 Metaspace       used 44605K, committed 44864K, reserved 1114112K
  class space    used 5221K, committed 5312K, reserved 1048576K
}
Event: 6.823 GC heap before
{Heap before GC invocations=15 (full 0):
 garbage-first heap   total 149504K, used 107222K [0x000000070ce00000, 0x0000000800000000)
  region size 2048K, 23 young (47104K), 3 survivors (6144K)
 Metaspace       used 48498K, committed 48704K, reserved 1114112K
  class space    used 5630K, committed 5696K, reserved 1048576K
}
Event: 6.840 GC heap after
{Heap after GC invocations=16 (full 0):
 garbage-first heap   total 276480K, used 74379K [0x000000070ce00000, 0x0000000800000000)
  region size 2048K, 3 young (6144K), 3 survivors (6144K)
 Metaspace       used 48498K, committed 48704K, reserved 1114112K
  class space    used 5630K, committed 5696K, reserved 1048576K
}
Event: 8.125 GC heap before
{Heap before GC invocations=16 (full 0):
 garbage-first heap   total 276480K, used 189067K [0x000000070ce00000, 0x0000000800000000)
  region size 2048K, 60 young (122880K), 3 survivors (6144K)
 Metaspace       used 52847K, committed 53120K, reserved 1114112K
  class space    used 6006K, committed 6144K, reserved 1048576K
}
Event: 8.146 GC heap after
{Heap after GC invocations=17 (full 0):
 garbage-first heap   total 276480K, used 107456K [0x000000070ce00000, 0x0000000800000000)
  region size 2048K, 8 young (16384K), 8 survivors (16384K)
 Metaspace       used 52847K, committed 53120K, reserved 1114112K
  class space    used 6006K, committed 6144K, reserved 1048576K
}
Event: 8.380 GC heap before
{Heap before GC invocations=17 (full 0):
 garbage-first heap   total 276480K, used 203712K [0x000000070ce00000, 0x0000000800000000)
  region size 2048K, 55 young (112640K), 8 survivors (16384K)
 Metaspace       used 52865K, committed 53184K, reserved 1114112K
  class space    used 6006K, committed 6144K, reserved 1048576K
}
Event: 8.395 GC heap after
{Heap after GC invocations=18 (full 0):
 garbage-first heap   total 276480K, used 129547K [0x000000070ce00000, 0x0000000800000000)
  region size 2048K, 7 young (14336K), 7 survivors (14336K)
 Metaspace       used 52865K, committed 53184K, reserved 1114112K
  class space    used 6006K, committed 6144K, reserved 1048576K
}
Event: 8.615 GC heap before
{Heap before GC invocations=18 (full 0):
 garbage-first heap   total 276480K, used 215563K [0x000000070ce00000, 0x0000000800000000)
  region size 2048K, 49 young (100352K), 7 survivors (14336K)
 Metaspace       used 52873K, committed 53184K, reserved 1114112K
  class space    used 6007K, committed 6144K, reserved 1048576K
}
Event: 8.623 GC heap after
{Heap after GC invocations=19 (full 0):
 garbage-first heap   total 276480K, used 150896K [0x000000070ce00000, 0x0000000800000000)
  region size 2048K, 7 young (14336K), 7 survivors (14336K)
 Metaspace       used 52873K, committed 53184K, reserved 1114112K
  class space    used 6007K, committed 6144K, reserved 1048576K
}
Event: 9.246 GC heap before
{Heap before GC invocations=19 (full 0):
 garbage-first heap   total 276480K, used 226672K [0x000000070ce00000, 0x0000000800000000)
  region size 2048K, 44 young (90112K), 7 survivors (14336K)
 Metaspace       used 54332K, committed 54656K, reserved 1114112K
  class space    used 6179K, committed 6336K, reserved 1048576K
}
Event: 9.256 GC heap after
{Heap after GC invocations=20 (full 0):
 garbage-first heap   total 360448K, used 168582K [0x000000070ce00000, 0x0000000800000000)
  region size 2048K, 6 young (12288K), 6 survivors (12288K)
 Metaspace       used 54332K, committed 54656K, reserved 1114112K
  class space    used 6179K, committed 6336K, reserved 1048576K
}
Event: 12.288 GC heap before
{Heap before GC invocations=21 (full 0):
 garbage-first heap   total 360448K, used 287366K [0x000000070ce00000, 0x0000000800000000)
  region size 2048K, 64 young (131072K), 6 survivors (12288K)
 Metaspace       used 63578K, committed 63872K, reserved 1114112K
  class space    used 7190K, committed 7296K, reserved 1048576K
}
Event: 12.302 GC heap after
{Heap after GC invocations=22 (full 0):
 garbage-first heap   total 360448K, used 186677K [0x000000070ce00000, 0x0000000800000000)
  region size 2048K, 8 young (16384K), 8 survivors (16384K)
 Metaspace       used 63578K, committed 63872K, reserved 1114112K
  class space    used 7190K, committed 7296K, reserved 1048576K
}

Dll operation events (3 events):
Event: 0.009 Loaded shared library C:\Program Files\Android\Android Studio\jbr\bin\java.dll
Event: 0.015 Loaded shared library C:\Program Files\Android\Android Studio\jbr\bin\zip.dll
Event: 1.359 Loaded shared library C:\Program Files\Android\Android Studio\jbr\bin\verify.dll

Deoptimization events (20 events):
Event: 12.406 Thread 0x000001aec8bcda40 Uncommon trap: trap_request=0xffffffc6 fr.pc=0x000001aed626a8fc relative=0x00000000000004fc
Event: 12.406 Thread 0x000001aec8bcda40 Uncommon trap: reason=bimorphic_or_optimized_type_check action=maybe_recompile pc=0x000001aed626a8fc method=org.jetbrains.kotlin.util.AbstractArrayMapOwner.isEmpty()Z @ 4 c2
Event: 12.406 Thread 0x000001aec8bcda40 DEOPT PACKING pc=0x000001aed626a8fc sp=0x000000245f0f8a90
Event: 12.406 Thread 0x000001aec8bcda40 DEOPT UNPACKING pc=0x000001aed56646a2 sp=0x000000245f0f89a0 mode 2
Event: 12.406 Thread 0x000001aec8bcda40 Uncommon trap: trap_request=0xffffffc6 fr.pc=0x000001aed626a8fc relative=0x00000000000004fc
Event: 12.406 Thread 0x000001aec8bcda40 Uncommon trap: reason=bimorphic_or_optimized_type_check action=maybe_recompile pc=0x000001aed626a8fc method=org.jetbrains.kotlin.util.AbstractArrayMapOwner.isEmpty()Z @ 4 c2
Event: 12.406 Thread 0x000001aec8bcda40 DEOPT PACKING pc=0x000001aed626a8fc sp=0x000000245f0f8980
Event: 12.406 Thread 0x000001aec8bcda40 DEOPT UNPACKING pc=0x000001aed56646a2 sp=0x000000245f0f8890 mode 2
Event: 12.406 Thread 0x000001aec8bcda40 Uncommon trap: trap_request=0xffffffc6 fr.pc=0x000001aed62673c0 relative=0x00000000000000a0
Event: 12.406 Thread 0x000001aec8bcda40 Uncommon trap: reason=bimorphic_or_optimized_type_check action=maybe_recompile pc=0x000001aed62673c0 method=org.jetbrains.kotlin.util.AbstractArrayMapOwner.isEmpty()Z @ 4 c2
Event: 12.406 Thread 0x000001aec8bcda40 DEOPT PACKING pc=0x000001aed62673c0 sp=0x000000245f0f8990
Event: 12.406 Thread 0x000001aec8bcda40 DEOPT UNPACKING pc=0x000001aed56646a2 sp=0x000000245f0f8920 mode 2
Event: 12.554 Thread 0x000001aec8bcda40 Uncommon trap: trap_request=0xffffff45 fr.pc=0x000001aed626bcf8 relative=0x0000000000000498
Event: 12.554 Thread 0x000001aec8bcda40 Uncommon trap: reason=unstable_if action=reinterpret pc=0x000001aed626bcf8 method=org.jetbrains.kotlin.fir.FirVisibilityChecker.isSpecificDeclarationVisible(Lorg/jetbrains/kotlin/fir/declarations/FirMemberDeclaration;Lorg/jetbrains/kotlin/fir/FirSession;L
Event: 12.554 Thread 0x000001aec8bcda40 DEOPT PACKING pc=0x000001aed626bcf8 sp=0x000000245f0faee0
Event: 12.554 Thread 0x000001aec8bcda40 DEOPT UNPACKING pc=0x000001aed56646a2 sp=0x000000245f0fae68 mode 2
Event: 12.675 Thread 0x000001aec8bcda40 Uncommon trap: trap_request=0xffffff45 fr.pc=0x000001aed62e67fc relative=0x000000000000547c
Event: 12.675 Thread 0x000001aec8bcda40 Uncommon trap: reason=unstable_if action=reinterpret pc=0x000001aed62e67fc method=org.jetbrains.org.objectweb.asm.ClassReader.readMethod(Lorg/jetbrains/org/objectweb/asm/ClassVisitor;Lorg/jetbrains/org/objectweb/asm/Context;I)I @ 595 c2
Event: 12.675 Thread 0x000001aec8bcda40 DEOPT PACKING pc=0x000001aed62e67fc sp=0x000000245f0f72a0
Event: 12.675 Thread 0x000001aec8bcda40 DEOPT UNPACKING pc=0x000001aed56646a2 sp=0x000000245f0f7248 mode 2

Classes loaded (20 events):
Event: 10.469 Loading class java/util/stream/ReferencePipeline$2$1
Event: 10.469 Loading class java/util/stream/Sink$ChainedReference
Event: 10.469 Loading class java/util/stream/Sink$ChainedReference done
Event: 10.469 Loading class java/util/stream/ReferencePipeline$2$1 done
Event: 10.469 Loading class java/util/stream/ReferencePipeline$3$1
Event: 10.469 Loading class java/util/stream/ReferencePipeline$3$1 done
Event: 10.486 Loading class java/util/Collections$SynchronizedSet
Event: 10.486 Loading class java/util/Collections$SynchronizedCollection
Event: 10.487 Loading class java/util/Collections$SynchronizedCollection done
Event: 10.487 Loading class java/util/Collections$SynchronizedSet done
Event: 12.162 Loading class java/util/regex/Pattern$StartS
Event: 12.162 Loading class java/util/regex/Pattern$StartS done
Event: 12.188 Loading class java/util/EnumMap$EntrySet
Event: 12.188 Loading class java/util/EnumMap$EntrySet done
Event: 12.188 Loading class java/util/EnumMap$EntryIterator
Event: 12.188 Loading class java/util/EnumMap$EnumMapIterator
Event: 12.189 Loading class java/util/EnumMap$EnumMapIterator done
Event: 12.189 Loading class java/util/EnumMap$EntryIterator done
Event: 12.189 Loading class java/util/EnumMap$EntryIterator$Entry
Event: 12.189 Loading class java/util/EnumMap$EntryIterator$Entry done

Classes unloaded (0 events):
No events

Classes redefined (0 events):
No events

Internal exceptions (20 events):
Event: 6.913 Thread 0x000001aec8bcda40 Implicit null exception at 0x000001aed5f0239d to 0x000001aed5f02590
Event: 9.234 Thread 0x000001aec8bcda40 Exception <a 'java/lang/NoSuchMethodError'{0x00000007191847c0}: 'java.lang.Object java.lang.invoke.DirectMethodHandle$Holder.newInvokeSpecial(java.lang.Object, java.lang.Object, java.lang.Object, java.lang.Object, int, java.lang.Object, java.lang.Object)'> (0x00000007191847c0) 
thrown [s\src\hotspot\share\interpreter\linkResolver.cpp, line 784]
Event: 9.235 Thread 0x000001aec8bcda40 Exception <a 'java/lang/NoSuchMethodError'{0x000000071918c9a0}: 'java.lang.Object java.lang.invoke.Invokers$Holder.linkToTargetMethod(java.lang.Object, java.lang.Object, java.lang.Object, int, java.lang.Object, java.lang.Object, java.lang.Object)'> (0x000000071918c9a0) 
thrown [s\src\hotspot\share\interpreter\linkResolver.cpp, line 784]
Event: 9.504 Thread 0x000001aec8bcda40 Exception <a 'java/lang/NoSuchMethodError'{0x00000007220715f0}: 'java.lang.Object java.lang.invoke.DirectMethodHandle$Holder.invokeSpecial(java.lang.Object, java.lang.Object, int, java.lang.Object, java.lang.Object)'> (0x00000007220715f0) 
thrown [s\src\hotspot\share\interpreter\linkResolver.cpp, line 784]
Event: 9.571 Thread 0x000001aec8bcda40 Exception <a 'java/lang/NoSuchMethodError'{0x0000000721e66970}: 'java.lang.Object java.lang.invoke.DirectMethodHandle$Holder.invokeStatic(java.lang.Object, int, java.lang.Object, java.lang.Object)'> (0x0000000721e66970) 
thrown [s\src\hotspot\share\interpreter\linkResolver.cpp, line 784]
Event: 9.572 Thread 0x000001aec8bcda40 Exception <a 'java/lang/NoSuchMethodError'{0x0000000721e6dd08}: 'java.lang.Object java.lang.invoke.DirectMethodHandle$Holder.newInvokeSpecial(java.lang.Object, int, java.lang.Object)'> (0x0000000721e6dd08) 
thrown [s\src\hotspot\share\interpreter\linkResolver.cpp, line 784]
Event: 9.652 Thread 0x000001aec8bcda40 Exception <a 'java/lang/NoSuchMethodError'{0x0000000721c64cd8}: 'java.lang.Object java.lang.invoke.DirectMethodHandle$Holder.newInvokeSpecial(java.lang.Object, java.lang.Object, java.lang.Object, java.lang.Object, int)'> (0x0000000721c64cd8) 
thrown [s\src\hotspot\share\interpreter\linkResolver.cpp, line 784]
Event: 9.653 Thread 0x000001aec8bcda40 Exception <a 'java/lang/NoSuchMethodError'{0x0000000721c690e0}: 'java.lang.Object java.lang.invoke.DirectMethodHandle$Holder.invokeSpecial(java.lang.Object, java.lang.Object, java.lang.Object, java.lang.Object, java.lang.Object, int)'> (0x0000000721c690e0) 
thrown [s\src\hotspot\share\interpreter\linkResolver.cpp, line 784]
Event: 9.653 Thread 0x000001aec8bcda40 Exception <a 'java/lang/NoSuchMethodError'{0x0000000721c6ce10}: 'java.lang.Object java.lang.invoke.Invokers$Holder.linkToTargetMethod(java.lang.Object, java.lang.Object, java.lang.Object, int, java.lang.Object)'> (0x0000000721c6ce10) 
thrown [s\src\hotspot\share\interpreter\linkResolver.cpp, line 784]
Event: 10.253 Thread 0x000001aec8bcda40 Exception <a 'java/lang/NoSuchMethodError'{0x000000072098cee8}: 'java.lang.Object java.lang.invoke.DirectMethodHandle$Holder.newInvokeSpecial(java.lang.Object, java.lang.Object, java.lang.Object, int)'> (0x000000072098cee8) 
thrown [s\src\hotspot\share\interpreter\linkResolver.cpp, line 784]
Event: 10.254 Thread 0x000001aec8bcda40 Exception <a 'java/lang/NoSuchMethodError'{0x0000000720990ce8}: 'java.lang.Object java.lang.invoke.DirectMethodHandle$Holder.invokeSpecial(java.lang.Object, java.lang.Object, java.lang.Object, java.lang.Object, int)'> (0x0000000720990ce8) 
thrown [s\src\hotspot\share\interpreter\linkResolver.cpp, line 784]
Event: 10.254 Thread 0x000001aec8bcda40 Exception <a 'java/lang/NoSuchMethodError'{0x0000000720994430}: 'java.lang.Object java.lang.invoke.Invokers$Holder.linkToTargetMethod(java.lang.Object, java.lang.Object, int, java.lang.Object)'> (0x0000000720994430) 
thrown [s\src\hotspot\share\interpreter\linkResolver.cpp, line 784]
Event: 10.562 Thread 0x000001aec8bcda40 Exception <a 'java/lang/NoSuchMethodError'{0x000000071fd0cb88}: 'java.lang.Object java.lang.invoke.DirectMethodHandle$Holder.newInvokeSpecial(java.lang.Object, int, java.lang.Object, java.lang.Object, java.lang.Object)'> (0x000000071fd0cb88) 
thrown [s\src\hotspot\share\interpreter\linkResolver.cpp, line 784]
Event: 10.562 Thread 0x000001aec8bcda40 Exception <a 'java/lang/NoSuchMethodError'{0x000000071fd144e8}: 'java.lang.Object java.lang.invoke.Invokers$Holder.linkToTargetMethod(int, java.lang.Object, java.lang.Object, java.lang.Object, java.lang.Object)'> (0x000000071fd144e8) 
thrown [s\src\hotspot\share\interpreter\linkResolver.cpp, line 784]
Event: 10.650 Thread 0x000001aec8bcda40 Exception <a 'java/lang/NoSuchMethodError'{0x000000071f8dcc88}: 'java.lang.Object java.lang.invoke.DirectMethodHandle$Holder.invokeStatic(java.lang.Object, java.lang.Object, java.lang.Object, int, java.lang.Object, java.lang.Object)'> (0x000000071f8dcc88) 
thrown [s\src\hotspot\share\interpreter\linkResolver.cpp, line 784]
Event: 11.393 Thread 0x000001aec8bcda40 Exception <a 'java/lang/NoSuchMethodError'{0x000000071d17c600}: 'java.lang.Object java.lang.invoke.DirectMethodHandle$Holder.newInvokeSpecial(java.lang.Object, java.lang.Object, java.lang.Object, java.lang.Object, java.lang.Object, int)'> (0x000000071d17c600) 
thrown [s\src\hotspot\share\interpreter\linkResolver.cpp, line 784]
Event: 11.393 Thread 0x000001aec8bcda40 Exception <a 'java/lang/NoSuchMethodError'{0x000000071d1812d8}: 'java.lang.Object java.lang.invoke.DirectMethodHandle$Holder.invokeSpecial(java.lang.Object, java.lang.Object, java.lang.Object, java.lang.Object, java.lang.Object, java.lang.Object, int)'> (0x000000071d1812d8) 
thrown [s\src\hotspot\share\interpreter\linkResolver.cpp, line 784]
Event: 11.393 Thread 0x000001aec8bcda40 Exception <a 'java/lang/NoSuchMethodError'{0x000000071d185920}: 'java.lang.Object java.lang.invoke.Invokers$Holder.linkToTargetMethod(java.lang.Object, java.lang.Object, java.lang.Object, java.lang.Object, int, java.lang.Object)'> (0x000000071d185920) 
thrown [s\src\hotspot\share\interpreter\linkResolver.cpp, line 784]
Event: 12.144 Thread 0x000001aec8bcda40 Exception <a 'java/lang/NoSuchMethodError'{0x000000071bcbdf00}: 'java.lang.Object java.lang.invoke.Invokers$Holder.invokeExact_MT(java.lang.Object, java.lang.Object, long, java.lang.Object)'> (0x000000071bcbdf00) 
thrown [s\src\hotspot\share\interpreter\linkResolver.cpp, line 784]
Event: 12.372 Thread 0x000001aec8bcda40 Exception <a 'java/lang/NoSuchMethodError'{0x0000000722749490}: 'java.lang.Object java.lang.invoke.DirectMethodHandle$Holder.newInvokeSpecial(java.lang.Object, java.lang.Object, java.lang.Object, java.lang.Object, java.lang.Object, java.lang.Object, java.lang.Object, java.lang.Object, java.lang.Object)'> (0x0000000722749490) 
thrown [s\src\hotspot\share\interpreter\linkResolver.cpp, line 784]

ZGC Phase Switch (0 events):
No events

VM Operations (20 events):
Event: 11.544 Executing VM operation: HandshakeAllThreads (Deoptimize)
Event: 11.544 Executing VM operation: HandshakeAllThreads (Deoptimize) done
Event: 11.772 Executing VM operation: HandshakeAllThreads (Deoptimize)
Event: 11.773 Executing VM operation: HandshakeAllThreads (Deoptimize) done
Event: 11.788 Executing VM operation: ICBufferFull
Event: 11.788 Executing VM operation: ICBufferFull done
Event: 11.955 Executing VM operation: ICBufferFull
Event: 11.955 Executing VM operation: ICBufferFull done
Event: 12.157 Executing VM operation: HandshakeAllThreads (Deoptimize)
Event: 12.157 Executing VM operation: HandshakeAllThreads (Deoptimize) done
Event: 12.212 Executing VM operation: ICBufferFull
Event: 12.212 Executing VM operation: ICBufferFull done
Event: 12.288 Executing VM operation: G1CollectForAllocation (G1 Evacuation Pause)
Event: 12.302 Executing VM operation: G1CollectForAllocation (G1 Evacuation Pause) done
Event: 12.369 Executing VM operation: HandshakeAllThreads (Deoptimize)
Event: 12.369 Executing VM operation: HandshakeAllThreads (Deoptimize) done
Event: 12.469 Executing VM operation: ICBufferFull
Event: 12.469 Executing VM operation: ICBufferFull done
Event: 12.702 Executing VM operation: ICBufferFull
Event: 12.702 Executing VM operation: ICBufferFull done

Memory protections (0 events):
No events

Nmethod flushes (20 events):
Event: 9.350 Thread 0x000001aec8bb0730 flushing  nmethod 0x000001aece3eec90
Event: 9.350 Thread 0x000001aec8bb0730 flushing  nmethod 0x000001aed5c64c10
Event: 9.350 Thread 0x000001aec8bb0730 flushing  nmethod 0x000001aece138b90
Event: 9.350 Thread 0x000001aec8bb0730 flushing  nmethod 0x000001aece139f90
Event: 9.350 Thread 0x000001aec8bb0730 flushing  nmethod 0x000001aece13bc10
Event: 9.350 Thread 0x000001aec8bb0730 flushing  nmethod 0x000001aece173510
Event: 9.350 Thread 0x000001aec8bb0730 flushing  nmethod 0x000001aece10e510
Event: 9.350 Thread 0x000001aec8bb0730 flushing  nmethod 0x000001aece141d10
Event: 9.350 Thread 0x000001aec8bb0730 flushing  nmethod 0x000001aece142990
Event: 9.350 Thread 0x000001aec8bb0730 flushing  nmethod 0x000001aece144a90
Event: 9.350 Thread 0x000001aec8bb0730 flushing  nmethod 0x000001aece1b4f90
Event: 9.350 Thread 0x000001aec8bb0730 flushing  nmethod 0x000001aece380290
Event: 9.350 Thread 0x000001aec8bb0730 flushing  nmethod 0x000001aece415010
Event: 9.350 Thread 0x000001aec8bb0730 flushing  nmethod 0x000001aece415a10
Event: 9.350 Thread 0x000001aec8bb0730 flushing  nmethod 0x000001aece415d10
Event: 9.350 Thread 0x000001aec8bb0730 flushing  nmethod 0x000001aece416410
Event: 9.350 Thread 0x000001aec8bb0730 flushing  nmethod 0x000001aed5bee110
Event: 9.350 Thread 0x000001aec8bb0730 flushing  nmethod 0x000001aed5c5c390
Event: 9.350 Thread 0x000001aec8bb0730 flushing  nmethod 0x000001aed5c70390
Event: 9.350 Thread 0x000001aec8bb0730 flushing  nmethod 0x000001aece0ef690

Events (20 events):
Event: 0.070 Thread 0x000001aec8bcda40 Thread added: 0x000001aee509c600
Event: 0.070 Thread 0x000001aec8bcda40 Thread added: 0x000001aee50c1f00
Event: 0.070 Thread 0x000001aec8bcda40 Thread added: 0x000001aee50c2570
Event: 0.070 Thread 0x000001aec8bcda40 Thread added: 0x000001aee50c3300
Event: 0.071 Thread 0x000001aec8bcda40 Thread added: 0x000001aee50b1590
Event: 0.108 Thread 0x000001aec8bcda40 Thread added: 0x000001aee52795c0
Event: 0.121 Loaded shared library C:\Program Files\Android\Android Studio\jbr\bin\net.dll
Event: 0.124 Loaded shared library C:\Program Files\Android\Android Studio\jbr\bin\nio.dll
Event: 0.140 Thread 0x000001aee50c3300 Thread added: 0x000001aee52f0da0
Event: 0.140 Thread 0x000001aee50c3300 Thread added: 0x000001aee52f1450
Event: 0.151 Loaded shared library C:\Program Files\Android\Android Studio\jbr\bin\zip.dll
Event: 0.185 Loaded shared library C:\Program Files\Android\Android Studio\jbr\bin\jimage.dll
Event: 0.629 Thread 0x000001aee52f1450 Thread exited: 0x000001aee52f1450
Event: 1.445 Thread 0x000001aee50b1590 Thread added: 0x000001aeea728050
Event: 2.183 Thread 0x000001aee52f0da0 Thread exited: 0x000001aee52f0da0
Event: 2.183 Thread 0x000001aeea728050 Thread exited: 0x000001aeea728050
Event: 2.815 Thread 0x000001aee50c3300 Thread added: 0x000001aeeadb0840
Event: 3.003 Thread 0x000001aeeadb0840 Thread exited: 0x000001aeeadb0840
Event: 3.959 Thread 0x000001aee50b1590 Thread added: 0x000001aeec751290
Event: 3.962 Thread 0x000001aee50b1590 Thread added: 0x000001aeec77bd20


Dynamic libraries:
0x00007ff6eac80000 - 0x00007ff6eac8a000 	C:\Program Files\Android\Android Studio\jbr\bin\java.exe
0x00007ff9b8060000 - 0x00007ff9b82c7000 	C:\Windows\SYSTEM32\ntdll.dll
0x00007ff9b7220000 - 0x00007ff9b72e9000 	C:\Windows\System32\KERNEL32.DLL
0x00007ff9b5760000 - 0x00007ff9b5b4f000 	C:\Windows\System32\KERNELBASE.dll
0x00007ff9b51b0000 - 0x00007ff9b52fb000 	C:\Windows\System32\ucrtbase.dll
0x00007ff98a040000 - 0x00007ff98a05b000 	C:\Program Files\Android\Android Studio\jbr\bin\VCRUNTIME140.dll
0x00007ff9840d0000 - 0x00007ff9840e8000 	C:\Program Files\Android\Android Studio\jbr\bin\jli.dll
0x00007ff9b7050000 - 0x00007ff9b7215000 	C:\Windows\System32\USER32.dll
0x00007ff998a10000 - 0x00007ff998ca3000 	C:\Windows\WinSxS\amd64_microsoft.windows.common-controls_6595b64144ccf1df_6.0.26100.7309_none_3e05feeae336a044\COMCTL32.dll
0x00007ff9b7a10000 - 0x00007ff9b7ab9000 	C:\Windows\System32\msvcrt.dll
0x00007ff9b5300000 - 0x00007ff9b5327000 	C:\Windows\System32\win32u.dll
0x00007ff9b6390000 - 0x00007ff9b63bb000 	C:\Windows\System32\GDI32.dll
0x00007ff9b5cd0000 - 0x00007ff9b5dfc000 	C:\Windows\System32\gdi32full.dll
0x00007ff9b54b0000 - 0x00007ff9b5553000 	C:\Windows\System32\msvcp_win.dll
0x00007ff9b7cb0000 - 0x00007ff9b7ce1000 	C:\Windows\System32\IMM32.DLL
0x00007ff99c920000 - 0x00007ff99c92c000 	C:\Program Files\Android\Android Studio\jbr\bin\vcruntime140_1.dll
0x00007ff961190000 - 0x00007ff96121d000 	C:\Program Files\Android\Android Studio\jbr\bin\msvcp140.dll
0x00007ff8d3c40000 - 0x00007ff8d48d6000 	C:\Program Files\Android\Android Studio\jbr\bin\server\jvm.dll
0x00007ff9b7e60000 - 0x00007ff9b7f14000 	C:\Windows\System32\ADVAPI32.dll
0x00007ff9b63c0000 - 0x00007ff9b6466000 	C:\Windows\System32\sechost.dll
0x00007ff9b5e00000 - 0x00007ff9b5f18000 	C:\Windows\System32\RPCRT4.dll
0x00007ff9b72f0000 - 0x00007ff9b7364000 	C:\Windows\System32\WS2_32.dll
0x00007ff9b5030000 - 0x00007ff9b508e000 	C:\Windows\SYSTEM32\POWRPROF.dll
0x00007ff9a24b0000 - 0x00007ff9a24e5000 	C:\Windows\SYSTEM32\WINMM.dll
0x00007ff9a43f0000 - 0x00007ff9a43fb000 	C:\Windows\SYSTEM32\VERSION.dll
0x00007ff9b5010000 - 0x00007ff9b5024000 	C:\Windows\SYSTEM32\UMPDC.dll
0x00007ff9b3f20000 - 0x00007ff9b3f3b000 	C:\Windows\SYSTEM32\kernel.appcore.dll
0x00007ff989280000 - 0x00007ff98928a000 	C:\Program Files\Android\Android Studio\jbr\bin\jimage.dll
0x00007ff9a36d0000 - 0x00007ff9a3912000 	C:\Windows\SYSTEM32\DBGHELP.DLL
0x00007ff9b6470000 - 0x00007ff9b67f6000 	C:\Windows\System32\combase.dll
0x00007ff9b5f30000 - 0x00007ff9b6006000 	C:\Windows\System32\OLEAUT32.dll
0x00007ff997ad0000 - 0x00007ff997b0c000 	C:\Windows\SYSTEM32\dbgcore.DLL
0x00007ff9b56b0000 - 0x00007ff9b5755000 	C:\Windows\System32\bcryptPrimitives.dll
0x00007ff989260000 - 0x00007ff989280000 	C:\Program Files\Android\Android Studio\jbr\bin\java.dll
0x00007ff986bd0000 - 0x00007ff986be8000 	C:\Program Files\Android\Android Studio\jbr\bin\zip.dll
0x00007ff9b6800000 - 0x00007ff9b6f53000 	C:\Windows\System32\SHELL32.dll
0x00007ff9b5b60000 - 0x00007ff9b5cca000 	C:\Windows\System32\wintypes.dll
0x00007ff9b2d70000 - 0x00007ff9b35ce000 	C:\Windows\SYSTEM32\windows.storage.dll
0x00007ff9b61f0000 - 0x00007ff9b62e4000 	C:\Windows\System32\SHCORE.dll
0x00007ff9b6320000 - 0x00007ff9b6386000 	C:\Windows\System32\shlwapi.dll
0x00007ff9b50d0000 - 0x00007ff9b50f9000 	C:\Windows\SYSTEM32\profapi.dll
0x00007ff986bc0000 - 0x00007ff986bd0000 	C:\Program Files\Android\Android Studio\jbr\bin\net.dll
0x00007ff9adcd0000 - 0x00007ff9addf8000 	C:\Windows\SYSTEM32\WINHTTP.dll
0x00007ff9b4470000 - 0x00007ff9b44db000 	C:\Windows\system32\mswsock.dll
0x00007ff986b10000 - 0x00007ff986b26000 	C:\Program Files\Android\Android Studio\jbr\bin\nio.dll
0x00007ff985e30000 - 0x00007ff985e40000 	C:\Program Files\Android\Android Studio\jbr\bin\verify.dll

JVMTI agents: none

dbghelp: loaded successfully - version: 4.0.5 - missing functions: none
symbol engine: initialized successfully - sym options: 0x614 - pdb path: .;C:\Program Files\Android\Android Studio\jbr\bin;C:\Windows\SYSTEM32;C:\Windows\WinSxS\amd64_microsoft.windows.common-controls_6595b64144ccf1df_6.0.26100.7309_none_3e05feeae336a044;C:\Program Files\Android\Android Studio\jbr\bin\server

VM Arguments:
java_command: org.jetbrains.kotlin.cli.jvm.K2JVMCompiler @D:\Workspace\NutriCook\mobile\app\build\20251203_2479418188644321331.compiler.options
java_class_path (initial): C:\Users\Admin\.gradle\caches\modules-2\files-2.1\org.jetbrains.kotlin\kotlin-compiler-embeddable\2.0.21\79346ed53db48b18312a472602eb5c057070c54d\kotlin-compiler-embeddable-2.0.21.jar;C:\Users\Admin\.gradle\caches\modules-2\files-2.1\org.jetbrains.kotlin\kotlin-stdlib\2.0.21\618b539767b4899b4660a83006e052b63f1db551\kotlin-stdlib-2.0.21.jar;C:\Users\Admin\.gradle\caches\modules-2\files-2.1\org.jetbrains.kotlin\kotlin-script-runtime\2.0.21\c9b044380ad41f89aa89aa896c2d32a8c0b2129d\kotlin-script-runtime-2.0.21.jar;C:\Users\Admin\.gradle\caches\modules-2\files-2.1\org.jetbrains.kotlin\kotlin-reflect\1.6.10\1cbe9c92c12a94eea200d23c2bbaedaf3daf5132\kotlin-reflect-1.6.10.jar;C:\Users\Admin\.gradle\caches\modules-2\files-2.1\org.jetbrains.kotlin\kotlin-daemon-embeddable\2.0.21\c9e933b23287de9b5a17e2116b4657bb91aea72c\kotlin-daemon-embeddable-2.0.21.jar;C:\Users\Admin\.gradle\caches\modules-2\files-2.1\org.jetbrains.intellij.deps\trove4j\1.0.20200330\3afb14d5f9ceb459d724e907a21145e8ff394f02\trove4j-1.0.20200330.jar;C:\Users\Admin\.gradle\caches\modules-2\files-2.1\org.jetbrains.kotlinx\kotlinx-coroutines-core-jvm\1.6.4\2c997cd1c0ef33f3e751d3831929aeff1390cb30\kotlinx-coroutines-core-jvm-1.6.4.jar;C:\Users\Admin\.gradle\caches\modules-2\files-2.1\org.jetbrains\annotations\13.0\919f0dfe192fb4e063e7dacadee7f8bb9a2672a9\annotations-13.0.jar
Launcher Type: SUN_STANDARD

[Global flags]
     intx CICompilerCount                          = 4                                         {product} {ergonomic}
     uint ConcGCThreads                            = 3                                         {product} {ergonomic}
     uint G1ConcRefinementThreads                  = 10                                        {product} {ergonomic}
   size_t G1HeapRegionSize                         = 2097152                                   {product} {ergonomic}
    uintx GCDrainStackTargetSize                   = 64                                        {product} {ergonomic}
   size_t InitialHeapSize                          = 255852544                                 {product} {ergonomic}
   size_t MarkStackSize                            = 4194304                                   {product} {ergonomic}
   size_t MaxHeapSize                              = 4078960640                                {product} {ergonomic}
   size_t MaxNewSize                               = 2447376384                                {product} {ergonomic}
   size_t MinHeapDeltaBytes                        = 2097152                                   {product} {ergonomic}
   size_t MinHeapSize                              = 8388608                                   {product} {ergonomic}
    uintx NonNMethodCodeHeapSize                   = 5839372                                {pd product} {ergonomic}
    uintx NonProfiledCodeHeapSize                  = 122909434                              {pd product} {ergonomic}
    uintx ProfiledCodeHeapSize                     = 122909434                              {pd product} {ergonomic}
    uintx ReservedCodeCacheSize                    = 251658240                              {pd product} {ergonomic}
     bool SegmentedCodeCache                       = true                                      {product} {ergonomic}
   size_t SoftMaxHeapSize                          = 4078960640                             {manageable} {ergonomic}
     bool UseCompressedOops                        = true                           {product lp64_product} {ergonomic}
     bool UseG1GC                                  = true                                      {product} {ergonomic}
     bool UseLargePagesIndividualAllocation        = false                                  {pd product} {ergonomic}

Logging:
Log output configuration:
 #0: stdout all=warning uptime,level,tags foldmultilines=false
 #1: stderr all=off uptime,level,tags foldmultilines=false

Environment Variables:
JAVA_HOME=C:\Program Files\Eclipse Adoptium\jdk-17.0.15.6-hotspot\
PATH=C:\Program Files\Python313\Scripts\;C:\Program Files\Python313\;C:\Program Files\Eclipse Adoptium\jdk-17.0.15.6-hotspot\bin;C:\Windows\system32;C:\Windows;C:\Windows\System32\Wbem;C:\Windows\System32\WindowsPowerShell\v1.0\;C:\Windows\System32\OpenSSH\;C:\Program Files\nodejs\;C:\Program Files\Git\cmd;C:\Program Files\MySQL\MySQL Server 9.4\bin;C:\Program Files\Cloudflare\Cloudflare WARP\;C:\Program Files\dotnet\;C:\Program Files (x86)\Microsoft SQL Server\160\Tools\Binn\;C:\Program Files\Microsoft SQL Server\160\Tools\Binn\;C:\Program Files\Microsoft SQL Server\Client SDK\ODBC\170\Tools\Binn\;C:\Program Files\Microsoft SQL Server\160\DTS\Binn\;C:\Users\Admin\Downloads\apache-maven-3.9.11-bin\apache-maven-3.9.11\bin;C:\Program Files\Docker\Docker\resources\bin;C:\Users\Admin\Downloads\kotlinc\bin;C:\Users\Admin\AppData\Local\Android\Sdk\platform-tools;C:\Program Files\cursor\resources\app\bin;C:\Users\Admin\AppData\Local\Programs\Python\Launcher\;C:\Users\Admin\AppData\Local\Microsoft\WindowsApps;C:\Users\Admin\AppData\Local\Programs\Microsoft VS Code\bin;C:\Users\Admin\AppData\Local\Programs\cursor\resources\app\bin;C:\Users\Admin\AppData\Roaming\npm;C:\Program Files\JetBrains\IntelliJ IDEA 2025.1.4.1\bin;C:\Users\Admin\.dotnet\tools;C:\Users\Admin\Downloads\apache-maven-3.9.11-bin\apache-maven-3.9.11\bin;C:\Users\Admin\.lmstudio\bin;C:\Users\Admin\.fly\bin;C:\Users\Admin\Downloads\kotlinc\bin;
USERNAME=Admin
OS=Windows_NT
PROCESSOR_IDENTIFIER=AMD64 Family 25 Model 68 Stepping 1, AuthenticAMD
TMP=C:\Users\Admin\AppData\Local\Temp
TEMP=C:\Users\Admin\AppData\Local\Temp




Periodic native trim disabled

JNI global refs:
JNI global refs: 12, weak refs: 1

JNI global refs memory usage: 835, weak refs: 833

Process memory usage:
Resident Set Size: 608124K (3% of 15930392K total physical memory with 1212088K free physical memory)

OOME stack traces (most recent first):
Classloader memory used:
Loader jdk.internal.loader.ClassLoaders$AppClassLoader                                 : 52364K
Loader bootstrap                                                                       : 11185K
Loader java.net.URLClassLoader                                                         : 364K

---------------  S Y S T E M  ---------------

OS:
 Windows 11 , 64 bit Build 26100 (10.0.26100.7309)
OS uptime: 0 days 6:25 hours
Hyper-V role detected

CPU: total 12 (initial active 12) (12 cores per cpu, 2 threads per core) family 25 model 68 stepping 1 microcode 0xa404105, cx8, cmov, fxsr, ht, mmx, 3dnowpref, sse, sse2, sse3, ssse3, sse4a, sse4.1, sse4.2, popcnt, lzcnt, tsc, tscinvbit, avx, avx2, aes, erms, clmul, bmi1, bmi2, adx, sha, fma, vzeroupper, clflush, clflushopt, hv, rdtscp, rdpid, fsrm, f16c, cet_ss
Processor Information for the first 12 processors :
  Max Mhz: 3301, Current Mhz: 3301, Mhz Limit: 3301

Memory: 4k page, system-wide physical 15557M (1170M free)
TotalPageFile size 46098M (AvailPageFile size 6M)
current process WorkingSet (physical memory assigned to process): 594M, peak: 613M
current process commit charge ("private bytes"): 626M, peak: 629M

vm_info: OpenJDK 64-Bit Server VM (21.0.8+-14018985-b1038.68) for windows-amd64 JRE (21.0.8+-14018985-b1038.68), built on 2025-08-29T19:56:34Z by "builder" with MS VC++ 16.10 / 16.11 (VS2019)

END.
